[35m[1mScanning dependencies of target geometry_msgs_generate_messages_py[0m
[35m[1mScanning dependencies of target std_srvs_generate_messages_py[0m
[  0%] Built target geometry_msgs_generate_messages_py
[  0%] Built target std_srvs_generate_messages_py
[35m[1mScanning dependencies of target geometry_msgs_generate_messages_lisp[0m
[35m[1mScanning dependencies of target geometry_msgs_generate_messages_cpp[0m
[  0%] Built target geometry_msgs_generate_messages_lisp
[  0%] Built target geometry_msgs_generate_messages_cpp
[35m[1mScanning dependencies of target rosplan_knowledge_msgs_generate_messages_lisp[0m
[  0%] Built target rosplan_knowledge_msgs_generate_messages_lisp
[35m[1mScanning dependencies of target rosplan_knowledge_msgs_generate_messages_eus[0m
[  0%] Built target rosplan_knowledge_msgs_generate_messages_eus
[35m[1mScanning dependencies of target rosplan_dispatch_msgs_generate_messages_nodejs[0m
[  0%] Built target rosplan_dispatch_msgs_generate_messages_nodejs
[35m[1mScanning dependencies of target rosplan_dispatch_msgs_generate_messages_lisp[0m
[  0%] Built target rosplan_dispatch_msgs_generate_messages_lisp
[35m[1mScanning dependencies of target rosplan_knowledge_msgs_generate_messages_cpp[0m
[  0%] Built target rosplan_knowledge_msgs_generate_messages_cpp
[35m[1mScanning dependencies of target diagnostic_msgs_generate_messages_py[0m
[  0%] Built target diagnostic_msgs_generate_messages_py
[35m[1mScanning dependencies of target diagnostic_msgs_generate_messages_nodejs[0m
[35m[1mScanning dependencies of target diagnostic_msgs_generate_messages_lisp[0m
[  0%] Built target diagnostic_msgs_generate_messages_nodejs
[  0%] Built target diagnostic_msgs_generate_messages_lisp
[35m[1mScanning dependencies of target diagnostic_msgs_generate_messages_eus[0m
[  0%] Built target diagnostic_msgs_generate_messages_eus
[35m[1mScanning dependencies of target rosgraph_msgs_generate_messages_nodejs[0m
[  0%] Built target rosgraph_msgs_generate_messages_nodejs
[35m[1mScanning dependencies of target rosgraph_msgs_generate_messages_py[0m
[35m[1mScanning dependencies of target std_msgs_generate_messages_eus[0m
[  0%] Built target rosgraph_msgs_generate_messages_py
[  0%] Built target std_msgs_generate_messages_eus
[35m[1mScanning dependencies of target rosplan_dispatch_msgs_generate_messages_py[0m
[35m[1mScanning dependencies of target rosgraph_msgs_generate_messages_lisp[0m
[  0%] Built target rosplan_dispatch_msgs_generate_messages_py
[  0%] Built target rosgraph_msgs_generate_messages_lisp
[35m[1mScanning dependencies of target rosgraph_msgs_generate_messages_eus[0m
[35m[1mScanning dependencies of target actionlib_msgs_generate_messages_cpp[0m
[  0%] Built target rosgraph_msgs_generate_messages_eus
[  0%] Built target actionlib_msgs_generate_messages_cpp
[35m[1mScanning dependencies of target std_srvs_generate_messages_cpp[0m
[  0%] Built target std_srvs_generate_messages_cpp
[35m[1mScanning dependencies of target rosgraph_msgs_generate_messages_cpp[0m
[  0%] Built target rosgraph_msgs_generate_messages_cpp
[35m[1mScanning dependencies of target roscpp_generate_messages_py[0m
[35m[1mScanning dependencies of target std_msgs_generate_messages_py[0m
[  0%] Built target roscpp_generate_messages_py
[  0%] Built target std_msgs_generate_messages_py
[35m[1mScanning dependencies of target std_srvs_generate_messages_lisp[0m
[35m[1mScanning dependencies of target geometry_msgs_generate_messages_eus[0m
[  0%] Built target std_srvs_generate_messages_lisp
[  0%] Built target geometry_msgs_generate_messages_eus
[35m[1mScanning dependencies of target roscpp_generate_messages_nodejs[0m
[35m[1mScanning dependencies of target roscpp_generate_messages_eus[0m
[  0%] Built target roscpp_generate_messages_nodejs
[  0%] Built target roscpp_generate_messages_eus
[35m[1mScanning dependencies of target roscpp_generate_messages_lisp[0m
[  0%] Built target roscpp_generate_messages_lisp
[35m[1mScanning dependencies of target rosplan_dispatch_msgs_generate_messages_cpp[0m
[  0%] Built target rosplan_dispatch_msgs_generate_messages_cpp
[35m[1mScanning dependencies of target actionlib_generate_messages_cpp[0m
[  0%] Built target actionlib_generate_messages_cpp
[35m[1mScanning dependencies of target roscpp_generate_messages_cpp[0m
[  0%] Built target roscpp_generate_messages_cpp
[35m[1mScanning dependencies of target actionlib_msgs_generate_messages_nodejs[0m
[  0%] Built target actionlib_msgs_generate_messages_nodejs
[35m[1mScanning dependencies of target std_msgs_generate_messages_cpp[0m
[  0%] Built target std_msgs_generate_messages_cpp
[35m[1mScanning dependencies of target geometry_msgs_generate_messages_nodejs[0m
[  0%] Built target geometry_msgs_generate_messages_nodejs
[35m[1mScanning dependencies of target rosplan_knowledge_msgs_generate_messages_nodejs[0m
[  0%] Built target rosplan_knowledge_msgs_generate_messages_nodejs
[35m[1mScanning dependencies of target std_msgs_generate_messages_lisp[0m
[35m[1mScanning dependencies of target rosplan_dispatch_msgs_generate_messages_eus[0m
[  0%] Built target std_msgs_generate_messages_lisp
[  0%] Built target rosplan_dispatch_msgs_generate_messages_eus
[35m[1mScanning dependencies of target std_msgs_generate_messages_nodejs[0m
[  0%] Built target std_msgs_generate_messages_nodejs
[35m[1mScanning dependencies of target actionlib_generate_messages_eus[0m
[  0%] Built target actionlib_generate_messages_eus
[35m[1mScanning dependencies of target actionlib_generate_messages_nodejs[0m
[35m[1mScanning dependencies of target actionlib_generate_messages_py[0m
[  0%] Built target actionlib_generate_messages_nodejs
[  0%] Built target actionlib_generate_messages_py
[35m[1mScanning dependencies of target actionlib_msgs_generate_messages_eus[0m
[  0%] Built target actionlib_msgs_generate_messages_eus
[35m[1mScanning dependencies of target diagnostic_msgs_generate_messages_cpp[0m
[35m[1mScanning dependencies of target actionlib_msgs_generate_messages_lisp[0m
[  0%] Built target diagnostic_msgs_generate_messages_cpp
[  0%] Built target actionlib_msgs_generate_messages_lisp
[35m[1mScanning dependencies of target actionlib_msgs_generate_messages_py[0m
[35m[1mScanning dependencies of target std_srvs_generate_messages_eus[0m
[  0%] Built target actionlib_msgs_generate_messages_py
[  0%] Built target std_srvs_generate_messages_eus
[35m[1mScanning dependencies of target rosplan_knowledge_msgs_generate_messages_py[0m
[  0%] Built target rosplan_knowledge_msgs_generate_messages_py
[35m[1mScanning dependencies of target actionlib_generate_messages_lisp[0m
[  0%] Built target actionlib_generate_messages_lisp
[35m[1mScanning dependencies of target std_srvs_generate_messages_nodejs[0m
[  0%] Built target std_srvs_generate_messages_nodejs
[35m[1mScanning dependencies of target rosplan_action_interface[0m
[  1%] [32mBuilding CXX object CMakeFiles/rosplan_action_interface.dir/src/ActionInterface/RPActionInterface.cpp.o[0m
[35m[1mScanning dependencies of target pddl_simple_plan_dispatcher[0m
[  2%] [32mBuilding CXX object CMakeFiles/pddl_simple_plan_dispatcher.dir/src/PlanDispatch/SimplePlanDispatcher.cpp.o[0m
[  4%] [32m[1mLinking CXX shared library /home/jylee/jylee/ROSPlan/devel/.private/rosplan_planning_system/lib/librosplan_action_interface.so[0m
[  4%] Built target rosplan_action_interface
[  5%] [32m[1mLinking CXX executable /home/jylee/jylee/ROSPlan/devel/.private/rosplan_planning_system/lib/rosplan_planning_system/pddl_simple_plan_dispatcher[0m
[  5%] Built target pddl_simple_plan_dispatcher
[35m[1mScanning dependencies of target pddl_esterel_plan_parser[0m
[  6%] [32mBuilding CXX object CMakeFiles/pddl_esterel_plan_parser.dir/src/PlanParsing/PDDLEsterelPlanParser.cpp.o[0m
[  8%] [32mBuilding CXX object CMakeFiles/pddl_esterel_plan_parser.dir/src/PlanParsing/PlanParser.cpp.o[0m
[35m[1mScanning dependencies of target rosplan_planning_system[0m
[  9%] [32mBuilding CXX object CMakeFiles/rosplan_planning_system.dir/src/VALfiles/DebugWriteController.cpp.o[0m
[ 10%] [32mBuilding CXX object CMakeFiles/rosplan_planning_system.dir/src/VALfiles/FastEnvironment.cpp.o[0m
[ 12%] [32m[1mLinking CXX executable /home/jylee/jylee/ROSPlan/devel/.private/rosplan_planning_system/lib/rosplan_planning_system/pddl_esterel_plan_parser[0m
[ 12%] Built target pddl_esterel_plan_parser
[35m[1mScanning dependencies of target pddl_simple_plan_parser[0m
[ 13%] [32mBuilding CXX object CMakeFiles/pddl_simple_plan_parser.dir/src/PlanParsing/PDDLSimplePlanParser.cpp.o[0m
[ 14%] [32mBuilding CXX object CMakeFiles/rosplan_planning_system.dir/src/VALfiles/FuncAnalysis.cpp.o[0m
[ 16%] [32mBuilding CXX object CMakeFiles/rosplan_planning_system.dir/src/VALfiles/SASActions.cpp.o[0m
[ 17%] [32mBuilding CXX object CMakeFiles/pddl_simple_plan_parser.dir/src/PlanParsing/PlanParser.cpp.o[0m
[ 18%] [32mBuilding CXX object CMakeFiles/rosplan_planning_system.dir/src/VALfiles/SimpleEval.cpp.o[0m
[ 20%] [32m[1mLinking CXX executable /home/jylee/jylee/ROSPlan/devel/.private/rosplan_planning_system/lib/rosplan_planning_system/pddl_simple_plan_parser[0m
[ 20%] Built target pddl_simple_plan_parser
[ 21%] [32mBuilding CXX object CMakeFiles/rosplan_planning_system.dir/src/VALfiles/TIM.cpp.o[0m
[ 22%] [32mBuilding CXX object CMakeFiles/rosplan_planning_system.dir/src/VALfiles/TimSupport.cpp.o[0m
[ 24%] [32mBuilding CXX object CMakeFiles/rosplan_planning_system.dir/src/VALfiles/ToFunction.cpp.o[0m
[ 25%] [32mBuilding CXX object CMakeFiles/rosplan_planning_system.dir/src/VALfiles/TypedAnalyser.cpp.o[0m
[ 27%] [32mBuilding CXX object CMakeFiles/rosplan_planning_system.dir/src/VALfiles/ValidatorAPI.cpp.o[0m
[ 28%] [32mBuilding CXX object CMakeFiles/rosplan_planning_system.dir/src/VALfiles/instantiation.cpp.o[0m
[35m[1mScanning dependencies of target upm_planner_interface[0m
[ 29%] [32mBuilding CXX object CMakeFiles/upm_planner_interface.dir/src/PlannerInterface/UPMPlannerInterface.cpp.o[0m
[ 31%] [32mBuilding CXX object CMakeFiles/rosplan_planning_system.dir/src/VALfiles/pddl+.cpp.o[0m
[01m[Kpddl+.yacc:[m[K In function ‘[01m[Kint yyparse()[m[K’:
[01m[Kpddl+.yacc:363:24:[m[K [01;35m[Kwarning: [m[Kconverting to non-pointer type ‘[01m[Kint[m[K’ from NULL [[01;35m[K-Wconversion-null[m[K]
[01m[Kpddl+.yacc:363:22:[m[K [01;35m[Kwarning: [m[Kconverting to non-pointer type ‘[01m[Kint[m[K’ from NULL [[01;35m[K-Wconversion-null[m[K]
[ 32%] [32mBuilding CXX object CMakeFiles/rosplan_planning_system.dir/src/VALfiles/ptree.cpp.o[0m
[ 33%] [32mBuilding CXX object CMakeFiles/rosplan_planning_system.dir/src/VALfiles/typecheck.cpp.o[0m
[ 35%] [32mBuilding CXX object CMakeFiles/rosplan_planning_system.dir/src/VALfiles/Validator.cpp.o[0m
[ 36%] [32mBuilding CXX object CMakeFiles/rosplan_planning_system.dir/src/VALfiles/Action.cpp.o[0m
[ 37%] [32mBuilding CXX object CMakeFiles/upm_planner_interface.dir/src/PlannerInterface/PlannerInterface.cpp.o[0m
[ 39%] [32mBuilding CXX object CMakeFiles/rosplan_planning_system.dir/src/VALfiles/Proposition.cpp.o[0m
[ 40%] [32m[1mLinking CXX executable /home/jylee/jylee/ROSPlan/devel/.private/rosplan_planning_system/lib/rosplan_planning_system/upm_planner_interface[0m
[ 40%] Built target upm_planner_interface
[ 41%] [32mBuilding CXX object CMakeFiles/rosplan_planning_system.dir/src/VALfiles/FuncExp.cpp.o[0m
[ 43%] [32mBuilding CXX object CMakeFiles/rosplan_planning_system.dir/src/VALfiles/RepairAdvice.cpp.o[0m
[ 44%] [32mBuilding CXX object CMakeFiles/rosplan_planning_system.dir/src/VALfiles/State.cpp.o[0m
[ 45%] [32mBuilding CXX object CMakeFiles/rosplan_planning_system.dir/src/VALfiles/Plan.cpp.o[0m
[ 47%] [32mBuilding CXX object CMakeFiles/rosplan_planning_system.dir/src/VALfiles/Ownership.cpp.o[0m
[ 48%] [32mBuilding CXX object CMakeFiles/rosplan_planning_system.dir/src/VALfiles/Environment.cpp.o[0m
[ 50%] [32mBuilding CXX object CMakeFiles/rosplan_planning_system.dir/src/VALfiles/Events.cpp.o[0m
[ 51%] [32mBuilding CXX object CMakeFiles/rosplan_planning_system.dir/src/VALfiles/Polynomial.cpp.o[0m
[ 52%] [32mBuilding CXX object CMakeFiles/rosplan_planning_system.dir/src/VALfiles/TrajectoryConstraints.cpp.o[0m
[ 54%] [32mBuilding CXX object CMakeFiles/rosplan_planning_system.dir/src/VALfiles/RobustAnalyse.cpp.o[0m
[ 55%] [32mBuilding CXX object CMakeFiles/rosplan_planning_system.dir/src/VALfiles/PrettyPrinter.cpp.o[0m
[ 56%] [32mBuilding CXX object CMakeFiles/rosplan_planning_system.dir/src/VALfiles/random.cpp.o[0m
[ 58%] [32mBuilding CXX object CMakeFiles/rosplan_planning_system.dir/src/VALfiles/LaTeXSupport.cpp.o[0m
[ 59%] [32mBuilding CXX object CMakeFiles/rosplan_planning_system.dir/src/VALfiles/Utils.cpp.o[0m
[35m[1mScanning dependencies of target fd_planner_interface[0m
[ 60%] [32mBuilding CXX object CMakeFiles/fd_planner_interface.dir/src/PlannerInterface/FDPlannerInterface.cpp.o[0m
[ 62%] [32m[1mLinking CXX shared library /home/jylee/jylee/ROSPlan/devel/.private/rosplan_planning_system/lib/librosplan_planning_system.so[0m
[ 62%] Built target rosplan_planning_system
[35m[1mScanning dependencies of target metricff_planner_interface[0m
[ 63%] [32mBuilding CXX object CMakeFiles/metricff_planner_interface.dir/src/PlannerInterface/FFPlannerInterface.cpp.o[0m
[ 64%] [32mBuilding CXX object CMakeFiles/fd_planner_interface.dir/src/PlannerInterface/PlannerInterface.cpp.o[0m
[ 66%] [32mBuilding CXX object CMakeFiles/metricff_planner_interface.dir/src/PlannerInterface/PlannerInterface.cpp.o[0m
[35m[1mScanning dependencies of target ff_planner_interface[0m
[ 67%] [32mBuilding CXX object CMakeFiles/ff_planner_interface.dir/src/PlannerInterface/FFPlannerInterface.cpp.o[0m
[ 68%] [32mBuilding CXX object CMakeFiles/ff_planner_interface.dir/src/PlannerInterface/PlannerInterface.cpp.o[0m
[ 70%] [32m[1mLinking CXX executable /home/jylee/jylee/ROSPlan/devel/.private/rosplan_planning_system/lib/rosplan_planning_system/fd_planner_interface[0m
[ 70%] Built target fd_planner_interface
[35m[1mScanning dependencies of target tfd_planner_interface[0m
[ 71%] [32mBuilding CXX object CMakeFiles/tfd_planner_interface.dir/src/PlannerInterface/TFDPlannerInterface.cpp.o[0m
[ 72%] [32m[1mLinking CXX executable /home/jylee/jylee/ROSPlan/devel/.private/rosplan_planning_system/lib/rosplan_planning_system/metricff_planner_interface[0m
[ 72%] Built target metricff_planner_interface
[35m[1mScanning dependencies of target popf_planner_interface[0m
[ 74%] [32mBuilding CXX object CMakeFiles/popf_planner_interface.dir/src/PlannerInterface/POPFPlannerInterface.cpp.o[0m
[ 75%] [32mBuilding CXX object CMakeFiles/popf_planner_interface.dir/src/PlannerInterface/PlannerInterface.cpp.o[0m
[ 77%] [32m[1mLinking CXX executable /home/jylee/jylee/ROSPlan/devel/.private/rosplan_planning_system/lib/rosplan_planning_system/ff_planner_interface[0m
[ 77%] Built target ff_planner_interface
[35m[1mScanning dependencies of target pddl_esterel_plan_dispatcher[0m
[ 78%] [32mBuilding CXX object CMakeFiles/pddl_esterel_plan_dispatcher.dir/src/PlanDispatch/EsterelPlanDispatcher.cpp.o[0m
[35m[1mScanning dependencies of target problemInterface[0m
[ 79%] [32mBuilding CXX object CMakeFiles/tfd_planner_interface.dir/src/PlannerInterface/PlannerInterface.cpp.o[0m
[ 81%] [32mBuilding CXX object CMakeFiles/problemInterface.dir/src/ProblemGeneration/ProblemInterface.cpp.o[0m
[ 82%] [32m[1mLinking CXX executable /home/jylee/jylee/ROSPlan/devel/.private/rosplan_planning_system/lib/rosplan_planning_system/popf_planner_interface[0m
[ 82%] Built target popf_planner_interface
[35m[1mScanning dependencies of target smt_planner_interface[0m
[ 83%] [32mBuilding CXX object CMakeFiles/smt_planner_interface.dir/src/PlannerInterface/SMTPlannerInterface.cpp.o[0m
[ 85%] [32mBuilding CXX object CMakeFiles/problemInterface.dir/src/ProblemGeneration/PDDLProblemGenerator.cpp.o[0m
[ 86%] [32m[1mLinking CXX executable /home/jylee/jylee/ROSPlan/devel/.private/rosplan_planning_system/lib/rosplan_planning_system/pddl_esterel_plan_dispatcher[0m
[ 87%] [32m[1mLinking CXX executable /home/jylee/jylee/ROSPlan/devel/.private/rosplan_planning_system/lib/rosplan_planning_system/tfd_planner_interface[0m
[ 87%] Built target pddl_esterel_plan_dispatcher
[35m[1mScanning dependencies of target lpg_planner_interface[0m
[ 89%] [32mBuilding CXX object CMakeFiles/lpg_planner_interface.dir/src/PlannerInterface/LPGPlannerInterface.cpp.o[0m
[ 89%] Built target tfd_planner_interface
[35m[1mScanning dependencies of target simulatedAction[0m
[ 90%] [32mBuilding CXX object CMakeFiles/simulatedAction.dir/src/ActionInterface/RPSimulatedActionInterface.cpp.o[0m
[ 91%] [32m[1mLinking CXX executable /home/jylee/jylee/ROSPlan/devel/.private/rosplan_planning_system/lib/rosplan_planning_system/problemInterface[0m
[ 91%] Built target problemInterface
[ 93%] [32mBuilding CXX object CMakeFiles/simulatedAction.dir/src/ActionInterface/RPActionInterface.cpp.o[0m
[ 94%] [32mBuilding CXX object CMakeFiles/lpg_planner_interface.dir/src/PlannerInterface/PlannerInterface.cpp.o[0m
[ 95%] [32mBuilding CXX object CMakeFiles/smt_planner_interface.dir/src/PlannerInterface/PlannerInterface.cpp.o[0m
[ 97%] [32m[1mLinking CXX executable /home/jylee/jylee/ROSPlan/devel/.private/rosplan_planning_system/lib/rosplan_planning_system/simulatedAction[0m
[ 98%] [32m[1mLinking CXX executable /home/jylee/jylee/ROSPlan/devel/.private/rosplan_planning_system/lib/rosplan_planning_system/lpg_planner_interface[0m
[ 98%] Built target simulatedAction
[ 98%] Built target lpg_planner_interface
[100%] [32m[1mLinking CXX executable /home/jylee/jylee/ROSPlan/devel/.private/rosplan_planning_system/lib/rosplan_planning_system/smt_planner_interface[0m
[100%] Built target smt_planner_interface
