WARNING: Package name "Board" does not follow the naming conventions. It should start with a lower case letter and only contain lower case letters, digits, underscores, and dashes.
WARNING: Package name "Board" does not follow the naming conventions. It should start with a lower case letter and only contain lower case letters, digits, underscores, and dashes.
WARNING: Package name "Display" does not follow the naming conventions. It should start with a lower case letter and only contain lower case letters, digits, underscores, and dashes.
WARNING: Package name "new_Interface" does not follow the naming conventions. It should start with a lower case letter and only contain lower case letters, digits, underscores, and dashes.
WARNING: Package name "Board" does not follow the naming conventions. It should start with a lower case letter and only contain lower case letters, digits, underscores, and dashes.
WARNING: Package name "Board" does not follow the naming conventions. It should start with a lower case letter and only contain lower case letters, digits, underscores, and dashes.
WARNING: Package name "Display" does not follow the naming conventions. It should start with a lower case letter and only contain lower case letters, digits, underscores, and dashes.
WARNING: Package name "new_Interface" does not follow the naming conventions. It should start with a lower case letter and only contain lower case letters, digits, underscores, and dashes.
WARNING: Package name "Board" does not follow the naming conventions. It should start with a lower case letter and only contain lower case letters, digits, underscores, and dashes.
In file included from [01m[K/home/jylee/jylee/ROSPlan/src/Custom/Board/src/board.cpp:1:0[m[K:
[01m[K/home/jylee/jylee/ROSPlan/src/Custom/Board/include/Board/board.h:16:46:[m[K [01;31m[Kerror: [m[KISO C++ forbids declaration of ‘[01m[KDisplay_Interface[m[K’ with no type [[01;31m[K-fpermissive[m[K]
         Display_Interface(ros::NodeHandle &nh[01;31m[K)[m[K;
                                              [01;31m[K^[m[K
[01m[K/home/jylee/jylee/ROSPlan/src/Custom/Board/include/Board/board.h:17:35:[m[K [01;31m[Kerror: [m[Kexpected class-name before ‘[01m[K([m[K’ token
         virtual ~Display_Interface[01;31m[K([m[K);
                                   [01;31m[K^[m[K
[01m[K/home/jylee/jylee/ROSPlan/src/Custom/Board/src/board.cpp:7:5:[m[K [01;31m[Kerror: [m[Kprototype for ‘[01m[KCustom::Board_Interface::Board_Interface(ros::NodeHandle&)[m[K’ does not match any in class ‘[01m[KCustom::Board_Interface[m[K’
     [01;31m[KBoard_Interface[m[K::Board_Interface(ros::NodeHandle &nh)
     [01;31m[K^~~~~~~~~~~~~~~[m[K
In file included from [01m[K/home/jylee/jylee/ROSPlan/src/Custom/Board/src/board.cpp:1:0[m[K:
[01m[K/home/jylee/jylee/ROSPlan/src/Custom/Board/include/Board/board.h:7:11:[m[K [01;31m[Kerror: [m[Kcandidates are: Custom::Board_Interface::Board_Interface(Custom::Board_Interface&&)
     class [01;31m[KBoard_Interface[m[K
           [01;31m[K^~~~~~~~~~~~~~~[m[K
[01m[K/home/jylee/jylee/ROSPlan/src/Custom/Board/include/Board/board.h:7:11:[m[K [01;31m[Kerror: [m[K                Custom::Board_Interface::Board_Interface(const Custom::Board_Interface&)
[01m[K/home/jylee/jylee/ROSPlan/src/Custom/Board/include/Board/board.h:7:11:[m[K [01;31m[Kerror: [m[K                Custom::Board_Interface::Board_Interface()
[01m[K/home/jylee/jylee/ROSPlan/src/Custom/Board/src/board.cpp:12:39:[m[K [01;31m[Kerror: [m[Kdefinition of implicitly-declared ‘[01m[KCustom::Board_Interface::~Board_Interface()[m[K’
     Board_Interface::~Board_Interface([01;31m[K)[m[K
                                       [01;31m[K^[m[K
[01m[K/home/jylee/jylee/ROSPlan/src/Custom/Board/src/board.cpp:17:35:[m[K [01;31m[Kerror: [m[Kno ‘[01m[Kvoid Custom::Board_Interface::display()[m[K’ member function declared in class ‘[01m[KCustom::Board_Interface[m[K’
     void Board_Interface::display([01;31m[K)[m[K{
                                   [01;31m[K^[m[K
[01m[K/home/jylee/jylee/ROSPlan/src/Custom/Board/src/board.cpp:[m[K In function ‘[01m[Kint main(int, char**)[m[K’:
[01m[K/home/jylee/jylee/ROSPlan/src/Custom/Board/src/board.cpp:28:34:[m[K [01;31m[Kerror: [m[Kno matching function for call to ‘[01m[KCustom::Board_Interface::Board_Interface(ros::NodeHandle&)[m[K’
     Custom::Board_Interface bi(nh[01;31m[K)[m[K;
                                  [01;31m[K^[m[K
In file included from [01m[K/home/jylee/jylee/ROSPlan/src/Custom/Board/src/board.cpp:1:0[m[K:
[01m[K/home/jylee/jylee/ROSPlan/src/Custom/Board/include/Board/board.h:7:11:[m[K [01;36m[Knote: [m[Kcandidate: Custom::Board_Interface::Board_Interface()
     class [01;36m[KBoard_Interface[m[K
           [01;36m[K^~~~~~~~~~~~~~~[m[K
[01m[K/home/jylee/jylee/ROSPlan/src/Custom/Board/include/Board/board.h:7:11:[m[K [01;36m[Knote: [m[K  candidate expects 0 arguments, 1 provided
[01m[K/home/jylee/jylee/ROSPlan/src/Custom/Board/include/Board/board.h:7:11:[m[K [01;36m[Knote: [m[Kcandidate: Custom::Board_Interface::Board_Interface(const Custom::Board_Interface&)
[01m[K/home/jylee/jylee/ROSPlan/src/Custom/Board/include/Board/board.h:7:11:[m[K [01;36m[Knote: [m[K  no known conversion for argument 1 from ‘[01m[Kros::NodeHandle[m[K’ to ‘[01m[Kconst Custom::Board_Interface&[m[K’
[01m[K/home/jylee/jylee/ROSPlan/src/Custom/Board/include/Board/board.h:7:11:[m[K [01;36m[Knote: [m[Kcandidate: Custom::Board_Interface::Board_Interface(Custom::Board_Interface&&)
[01m[K/home/jylee/jylee/ROSPlan/src/Custom/Board/include/Board/board.h:7:11:[m[K [01;36m[Knote: [m[K  no known conversion for argument 1 from ‘[01m[Kros::NodeHandle[m[K’ to ‘[01m[KCustom::Board_Interface&&[m[K’
make[2]: *** [CMakeFiles/Board.dir/src/board.cpp.o] Error 1
make[1]: *** [CMakeFiles/Board.dir/all] Error 2
make: *** [all] Error 2
