[  0%] Built target actionlib_msgs_generate_messages_cpp
[  0%] Built target rosgraph_msgs_generate_messages_nodejs
[  0%] Built target rosgraph_msgs_generate_messages_py
[  0%] Built target std_msgs_generate_messages_eus
[  0%] Built target rosgraph_msgs_generate_messages_lisp
[  0%] Built target rosgraph_msgs_generate_messages_eus
[  0%] Built target rosgraph_msgs_generate_messages_cpp
[  0%] Built target roscpp_generate_messages_py
[  0%] Built target std_msgs_generate_messages_py
[  0%] Built target roscpp_generate_messages_nodejs
[  0%] Built target roscpp_generate_messages_eus
[  0%] Built target roscpp_generate_messages_lisp
[  0%] Built target actionlib_generate_messages_cpp
[  0%] Built target roscpp_generate_messages_cpp
[  0%] Built target actionlib_msgs_generate_messages_nodejs
[  0%] Built target std_msgs_generate_messages_cpp
[  0%] Built target std_msgs_generate_messages_lisp
[  0%] Built target std_msgs_generate_messages_nodejs
[  0%] Built target actionlib_generate_messages_eus
[  0%] Built target actionlib_generate_messages_lisp
[  0%] Built target actionlib_generate_messages_nodejs
[  0%] Built target actionlib_generate_messages_py
[  0%] Built target actionlib_msgs_generate_messages_eus
[  0%] Built target actionlib_msgs_generate_messages_lisp
[  0%] Built target actionlib_msgs_generate_messages_py
[  0%] Built target _Display_generate_messages_check_deps_display_msg
[35m[1mScanning dependencies of target Display[0m
[ 11%] [32mBuilding CXX object CMakeFiles/Display.dir/src/display.cpp.o[0m
[ 22%] Built target Display_generate_messages_cpp
[ 44%] Built target Display_generate_messages_py
[ 55%] Built target Display_generate_messages_nodejs
[ 66%] Built target Display_generate_messages_lisp
[ 88%] Built target Display_generate_messages_eus
[ 88%] Built target Display_generate_messages
[100%] [32m[1mLinking CXX executable /home/jylee/jylee/ROSPlan/devel/.private/Display/lib/Display/Display[0m
[100%] Built target Display
