Determining if the pthread_create exist failed with the following output:
Change Dir: /home/jylee/jylee/ROSPlan/build/rosplan_knowledge_base/CMakeFiles/CMakeTmp

Run Build Command:"/usr/bin/make" "cmTC_d293a/fast"
/usr/bin/make -f CMakeFiles/cmTC_d293a.dir/build.make CMakeFiles/cmTC_d293a.dir/build
make[1]: Entering directory '/home/jylee/jylee/ROSPlan/build/rosplan_knowledge_base/CMakeFiles/CMakeTmp'
Building C object CMakeFiles/cmTC_d293a.dir/CheckSymbolExists.c.o
/usr/bin/cc    -o CMakeFiles/cmTC_d293a.dir/CheckSymbolExists.c.o   -c /home/jylee/jylee/ROSPlan/build/rosplan_knowledge_base/CMakeFiles/CMakeTmp/CheckSymbolExists.c
Linking C executable cmTC_d293a
/usr/bin/cmake -E cmake_link_script CMakeFiles/cmTC_d293a.dir/link.txt --verbose=1
/usr/bin/cc      -rdynamic CMakeFiles/cmTC_d293a.dir/CheckSymbolExists.c.o  -o cmTC_d293a 
CMakeFiles/cmTC_d293a.dir/CheckSymbolExists.c.o: In function `main':
CheckSymbolExists.c:(.text+0x1b): undefined reference to `pthread_create'
collect2: error: ld returned 1 exit status
CMakeFiles/cmTC_d293a.dir/build.make:97: recipe for target 'cmTC_d293a' failed
make[1]: *** [cmTC_d293a] Error 1
make[1]: Leaving directory '/home/jylee/jylee/ROSPlan/build/rosplan_knowledge_base/CMakeFiles/CMakeTmp'
Makefile:126: recipe for target 'cmTC_d293a/fast' failed
make: *** [cmTC_d293a/fast] Error 2

File /home/jylee/jylee/ROSPlan/build/rosplan_knowledge_base/CMakeFiles/CMakeTmp/CheckSymbolExists.c:
/* */
#include <pthread.h>

int main(int argc, char** argv)
{
  (void)argv;
#ifndef pthread_create
  return ((int*)(&pthread_create))[argc];
#else
  (void)argc;
  return 0;
#endif
}

Determining if the function pthread_create exists in the pthreads failed with the following output:
Change Dir: /home/jylee/jylee/ROSPlan/build/rosplan_knowledge_base/CMakeFiles/CMakeTmp

Run Build Command:"/usr/bin/make" "cmTC_861ac/fast"
/usr/bin/make -f CMakeFiles/cmTC_861ac.dir/build.make CMakeFiles/cmTC_861ac.dir/build
make[1]: Entering directory '/home/jylee/jylee/ROSPlan/build/rosplan_knowledge_base/CMakeFiles/CMakeTmp'
Building C object CMakeFiles/cmTC_861ac.dir/CheckFunctionExists.c.o
/usr/bin/cc   -DCHECK_FUNCTION_EXISTS=pthread_create   -o CMakeFiles/cmTC_861ac.dir/CheckFunctionExists.c.o   -c /usr/share/cmake-3.10/Modules/CheckFunctionExists.c
Linking C executable cmTC_861ac
/usr/bin/cmake -E cmake_link_script CMakeFiles/cmTC_861ac.dir/link.txt --verbose=1
/usr/bin/cc  -DCHECK_FUNCTION_EXISTS=pthread_create    -rdynamic CMakeFiles/cmTC_861ac.dir/CheckFunctionExists.c.o  -o cmTC_861ac -lpthreads 
/usr/bin/ld: cannot find -lpthreads
collect2: error: ld returned 1 exit status
CMakeFiles/cmTC_861ac.dir/build.make:97: recipe for target 'cmTC_861ac' failed
make[1]: *** [cmTC_861ac] Error 1
make[1]: Leaving directory '/home/jylee/jylee/ROSPlan/build/rosplan_knowledge_base/CMakeFiles/CMakeTmp'
Makefile:126: recipe for target 'cmTC_861ac/fast' failed
make: *** [cmTC_861ac/fast] Error 2


