Linked: (/home/jylee/jylee/ROSPlan/devel/.private/rosplan_knowledge_msgs/share/common-lisp/ros/rosplan_knowledge_msgs/srv/_package_GetDomainNameService.lisp, /home/jylee/jylee/ROSPlan/devel/share/common-lisp/ros/rosplan_knowledge_msgs/srv/_package_GetDomainNameService.lisp)
Linked: (/home/jylee/jylee/ROSPlan/devel/.private/rosplan_knowledge_msgs/share/common-lisp/ros/rosplan_knowledge_msgs/srv/_package_KnowledgeUpdateService.lisp, /home/jylee/jylee/ROSPlan/devel/share/common-lisp/ros/rosplan_knowledge_msgs/srv/_package_KnowledgeUpdateService.lisp)
Linked: (/home/jylee/jylee/ROSPlan/devel/.private/rosplan_knowledge_msgs/share/common-lisp/ros/rosplan_knowledge_msgs/srv/GetDomainNameService.lisp, /home/jylee/jylee/ROSPlan/devel/share/common-lisp/ros/rosplan_knowledge_msgs/srv/GetDomainNameService.lisp)
Linked: (/home/jylee/jylee/ROSPlan/devel/.private/rosplan_knowledge_msgs/share/common-lisp/ros/rosplan_knowledge_msgs/srv/KnowledgeUpdateService.lisp, /home/jylee/jylee/ROSPlan/devel/share/common-lisp/ros/rosplan_knowledge_msgs/srv/KnowledgeUpdateService.lisp)
Linked: (/home/jylee/jylee/ROSPlan/devel/.private/rosplan_knowledge_msgs/share/common-lisp/ros/rosplan_knowledge_msgs/srv/GetDomainPredicateDetailsService.lisp, /home/jylee/jylee/ROSPlan/devel/share/common-lisp/ros/rosplan_knowledge_msgs/srv/GetDomainPredicateDetailsService.lisp)
Linked: (/home/jylee/jylee/ROSPlan/devel/.private/rosplan_knowledge_msgs/share/common-lisp/ros/rosplan_knowledge_msgs/srv/GetAttributeService.lisp, /home/jylee/jylee/ROSPlan/devel/share/common-lisp/ros/rosplan_knowledge_msgs/srv/GetAttributeService.lisp)
Linked: (/home/jylee/jylee/ROSPlan/devel/.private/rosplan_knowledge_msgs/share/common-lisp/ros/rosplan_knowledge_msgs/srv/_package_GetDomainTypeService.lisp, /home/jylee/jylee/ROSPlan/devel/share/common-lisp/ros/rosplan_knowledge_msgs/srv/_package_GetDomainTypeService.lisp)
Linked: (/home/jylee/jylee/ROSPlan/devel/.private/rosplan_knowledge_msgs/share/common-lisp/ros/rosplan_knowledge_msgs/srv/_package_GetAttributeService.lisp, /home/jylee/jylee/ROSPlan/devel/share/common-lisp/ros/rosplan_knowledge_msgs/srv/_package_GetAttributeService.lisp)
Linked: (/home/jylee/jylee/ROSPlan/devel/.private/rosplan_knowledge_msgs/share/common-lisp/ros/rosplan_knowledge_msgs/srv/_package_KnowledgeUpdateServiceArray.lisp, /home/jylee/jylee/ROSPlan/devel/share/common-lisp/ros/rosplan_knowledge_msgs/srv/_package_KnowledgeUpdateServiceArray.lisp)
Linked: (/home/jylee/jylee/ROSPlan/devel/.private/rosplan_knowledge_msgs/share/common-lisp/ros/rosplan_knowledge_msgs/srv/_package_GetDomainOperatorService.lisp, /home/jylee/jylee/ROSPlan/devel/share/common-lisp/ros/rosplan_knowledge_msgs/srv/_package_GetDomainOperatorService.lisp)
Linked: (/home/jylee/jylee/ROSPlan/devel/.private/rosplan_knowledge_msgs/share/common-lisp/ros/rosplan_knowledge_msgs/srv/KnowledgeQueryService.lisp, /home/jylee/jylee/ROSPlan/devel/share/common-lisp/ros/rosplan_knowledge_msgs/srv/KnowledgeQueryService.lisp)
Linked: (/home/jylee/jylee/ROSPlan/devel/.private/rosplan_knowledge_msgs/share/common-lisp/ros/rosplan_knowledge_msgs/srv/_package_RemoveWaypoint.lisp, /home/jylee/jylee/ROSPlan/devel/share/common-lisp/ros/rosplan_knowledge_msgs/srv/_package_RemoveWaypoint.lisp)
Linked: (/home/jylee/jylee/ROSPlan/devel/.private/rosplan_knowledge_msgs/share/common-lisp/ros/rosplan_knowledge_msgs/srv/GetDomainOperatorService.lisp, /home/jylee/jylee/ROSPlan/devel/share/common-lisp/ros/rosplan_knowledge_msgs/srv/GetDomainOperatorService.lisp)
Linked: (/home/jylee/jylee/ROSPlan/devel/.private/rosplan_knowledge_msgs/share/common-lisp/ros/rosplan_knowledge_msgs/srv/GetDomainOperatorDetailsService.lisp, /home/jylee/jylee/ROSPlan/devel/share/common-lisp/ros/rosplan_knowledge_msgs/srv/GetDomainOperatorDetailsService.lisp)
Linked: (/home/jylee/jylee/ROSPlan/devel/.private/rosplan_knowledge_msgs/share/common-lisp/ros/rosplan_knowledge_msgs/srv/_package_GetMetricService.lisp, /home/jylee/jylee/ROSPlan/devel/share/common-lisp/ros/rosplan_knowledge_msgs/srv/_package_GetMetricService.lisp)
Linked: (/home/jylee/jylee/ROSPlan/devel/.private/rosplan_knowledge_msgs/share/common-lisp/ros/rosplan_knowledge_msgs/srv/KnowledgeUpdateServiceArray.lisp, /home/jylee/jylee/ROSPlan/devel/share/common-lisp/ros/rosplan_knowledge_msgs/srv/KnowledgeUpdateServiceArray.lisp)
Linked: (/home/jylee/jylee/ROSPlan/devel/.private/rosplan_knowledge_msgs/share/common-lisp/ros/rosplan_knowledge_msgs/srv/_package.lisp, /home/jylee/jylee/ROSPlan/devel/share/common-lisp/ros/rosplan_knowledge_msgs/srv/_package.lisp)
Linked: (/home/jylee/jylee/ROSPlan/devel/.private/rosplan_knowledge_msgs/share/common-lisp/ros/rosplan_knowledge_msgs/srv/_package_KnowledgeQueryService.lisp, /home/jylee/jylee/ROSPlan/devel/share/common-lisp/ros/rosplan_knowledge_msgs/srv/_package_KnowledgeQueryService.lisp)
Linked: (/home/jylee/jylee/ROSPlan/devel/.private/rosplan_knowledge_msgs/share/common-lisp/ros/rosplan_knowledge_msgs/srv/GetMetricService.lisp, /home/jylee/jylee/ROSPlan/devel/share/common-lisp/ros/rosplan_knowledge_msgs/srv/GetMetricService.lisp)
Linked: (/home/jylee/jylee/ROSPlan/devel/.private/rosplan_knowledge_msgs/share/common-lisp/ros/rosplan_knowledge_msgs/srv/GetDomainTypeService.lisp, /home/jylee/jylee/ROSPlan/devel/share/common-lisp/ros/rosplan_knowledge_msgs/srv/GetDomainTypeService.lisp)
Linked: (/home/jylee/jylee/ROSPlan/devel/.private/rosplan_knowledge_msgs/share/common-lisp/ros/rosplan_knowledge_msgs/srv/_package_GetInstanceService.lisp, /home/jylee/jylee/ROSPlan/devel/share/common-lisp/ros/rosplan_knowledge_msgs/srv/_package_GetInstanceService.lisp)
Linked: (/home/jylee/jylee/ROSPlan/devel/.private/rosplan_knowledge_msgs/share/common-lisp/ros/rosplan_knowledge_msgs/srv/_package_GetDomainOperatorDetailsService.lisp, /home/jylee/jylee/ROSPlan/devel/share/common-lisp/ros/rosplan_knowledge_msgs/srv/_package_GetDomainOperatorDetailsService.lisp)
Linked: (/home/jylee/jylee/ROSPlan/devel/.private/rosplan_knowledge_msgs/share/common-lisp/ros/rosplan_knowledge_msgs/srv/AddWaypoint.lisp, /home/jylee/jylee/ROSPlan/devel/share/common-lisp/ros/rosplan_knowledge_msgs/srv/AddWaypoint.lisp)
Linked: (/home/jylee/jylee/ROSPlan/devel/.private/rosplan_knowledge_msgs/share/common-lisp/ros/rosplan_knowledge_msgs/srv/_package_GetDomainPredicateDetailsService.lisp, /home/jylee/jylee/ROSPlan/devel/share/common-lisp/ros/rosplan_knowledge_msgs/srv/_package_GetDomainPredicateDetailsService.lisp)
Linked: (/home/jylee/jylee/ROSPlan/devel/.private/rosplan_knowledge_msgs/share/common-lisp/ros/rosplan_knowledge_msgs/srv/_package_GetDomainAttributeService.lisp, /home/jylee/jylee/ROSPlan/devel/share/common-lisp/ros/rosplan_knowledge_msgs/srv/_package_GetDomainAttributeService.lisp)
Linked: (/home/jylee/jylee/ROSPlan/devel/.private/rosplan_knowledge_msgs/share/common-lisp/ros/rosplan_knowledge_msgs/srv/_package_AddWaypoint.lisp, /home/jylee/jylee/ROSPlan/devel/share/common-lisp/ros/rosplan_knowledge_msgs/srv/_package_AddWaypoint.lisp)
Linked: (/home/jylee/jylee/ROSPlan/devel/.private/rosplan_knowledge_msgs/share/common-lisp/ros/rosplan_knowledge_msgs/srv/GenerateProblemService.lisp, /home/jylee/jylee/ROSPlan/devel/share/common-lisp/ros/rosplan_knowledge_msgs/srv/GenerateProblemService.lisp)
Linked: (/home/jylee/jylee/ROSPlan/devel/.private/rosplan_knowledge_msgs/share/common-lisp/ros/rosplan_knowledge_msgs/srv/rosplan_knowledge_msgs-srv.asd, /home/jylee/jylee/ROSPlan/devel/share/common-lisp/ros/rosplan_knowledge_msgs/srv/rosplan_knowledge_msgs-srv.asd)
Linked: (/home/jylee/jylee/ROSPlan/devel/.private/rosplan_knowledge_msgs/share/common-lisp/ros/rosplan_knowledge_msgs/srv/_package_GenerateProblemService.lisp, /home/jylee/jylee/ROSPlan/devel/share/common-lisp/ros/rosplan_knowledge_msgs/srv/_package_GenerateProblemService.lisp)
Linked: (/home/jylee/jylee/ROSPlan/devel/.private/rosplan_knowledge_msgs/share/common-lisp/ros/rosplan_knowledge_msgs/srv/GetInstanceService.lisp, /home/jylee/jylee/ROSPlan/devel/share/common-lisp/ros/rosplan_knowledge_msgs/srv/GetInstanceService.lisp)
Linked: (/home/jylee/jylee/ROSPlan/devel/.private/rosplan_knowledge_msgs/share/common-lisp/ros/rosplan_knowledge_msgs/srv/RemoveWaypoint.lisp, /home/jylee/jylee/ROSPlan/devel/share/common-lisp/ros/rosplan_knowledge_msgs/srv/RemoveWaypoint.lisp)
Linked: (/home/jylee/jylee/ROSPlan/devel/.private/rosplan_knowledge_msgs/share/common-lisp/ros/rosplan_knowledge_msgs/srv/GetDomainAttributeService.lisp, /home/jylee/jylee/ROSPlan/devel/share/common-lisp/ros/rosplan_knowledge_msgs/srv/GetDomainAttributeService.lisp)
Linked: (/home/jylee/jylee/ROSPlan/devel/.private/rosplan_knowledge_msgs/share/common-lisp/ros/rosplan_knowledge_msgs/srv/_package_CreatePRM.lisp, /home/jylee/jylee/ROSPlan/devel/share/common-lisp/ros/rosplan_knowledge_msgs/srv/_package_CreatePRM.lisp)
Linked: (/home/jylee/jylee/ROSPlan/devel/.private/rosplan_knowledge_msgs/share/common-lisp/ros/rosplan_knowledge_msgs/srv/CreatePRM.lisp, /home/jylee/jylee/ROSPlan/devel/share/common-lisp/ros/rosplan_knowledge_msgs/srv/CreatePRM.lisp)
Linked: (/home/jylee/jylee/ROSPlan/devel/.private/rosplan_knowledge_msgs/share/common-lisp/ros/rosplan_knowledge_msgs/msg/rosplan_knowledge_msgs-msg.asd, /home/jylee/jylee/ROSPlan/devel/share/common-lisp/ros/rosplan_knowledge_msgs/msg/rosplan_knowledge_msgs-msg.asd)
Linked: (/home/jylee/jylee/ROSPlan/devel/.private/rosplan_knowledge_msgs/share/common-lisp/ros/rosplan_knowledge_msgs/msg/ExprBase.lisp, /home/jylee/jylee/ROSPlan/devel/share/common-lisp/ros/rosplan_knowledge_msgs/msg/ExprBase.lisp)
Linked: (/home/jylee/jylee/ROSPlan/devel/.private/rosplan_knowledge_msgs/share/common-lisp/ros/rosplan_knowledge_msgs/msg/_package_DomainAssignment.lisp, /home/jylee/jylee/ROSPlan/devel/share/common-lisp/ros/rosplan_knowledge_msgs/msg/_package_DomainAssignment.lisp)
Linked: (/home/jylee/jylee/ROSPlan/devel/.private/rosplan_knowledge_msgs/share/common-lisp/ros/rosplan_knowledge_msgs/msg/ExprComposite.lisp, /home/jylee/jylee/ROSPlan/devel/share/common-lisp/ros/rosplan_knowledge_msgs/msg/ExprComposite.lisp)
Linked: (/home/jylee/jylee/ROSPlan/devel/.private/rosplan_knowledge_msgs/share/common-lisp/ros/rosplan_knowledge_msgs/msg/_package_ExprBase.lisp, /home/jylee/jylee/ROSPlan/devel/share/common-lisp/ros/rosplan_knowledge_msgs/msg/_package_ExprBase.lisp)
Linked: (/home/jylee/jylee/ROSPlan/devel/.private/rosplan_knowledge_msgs/share/common-lisp/ros/rosplan_knowledge_msgs/msg/_package_KnowledgeItem.lisp, /home/jylee/jylee/ROSPlan/devel/share/common-lisp/ros/rosplan_knowledge_msgs/msg/_package_KnowledgeItem.lisp)
Linked: (/home/jylee/jylee/ROSPlan/devel/.private/rosplan_knowledge_msgs/share/common-lisp/ros/rosplan_knowledge_msgs/msg/DomainOperator.lisp, /home/jylee/jylee/ROSPlan/devel/share/common-lisp/ros/rosplan_knowledge_msgs/msg/DomainOperator.lisp)
Linked: (/home/jylee/jylee/ROSPlan/devel/.private/rosplan_knowledge_msgs/share/common-lisp/ros/rosplan_knowledge_msgs/msg/KnowledgeItem.lisp, /home/jylee/jylee/ROSPlan/devel/share/common-lisp/ros/rosplan_knowledge_msgs/msg/KnowledgeItem.lisp)
Linked: (/home/jylee/jylee/ROSPlan/devel/.private/rosplan_knowledge_msgs/share/common-lisp/ros/rosplan_knowledge_msgs/msg/DomainFormula.lisp, /home/jylee/jylee/ROSPlan/devel/share/common-lisp/ros/rosplan_knowledge_msgs/msg/DomainFormula.lisp)
Linked: (/home/jylee/jylee/ROSPlan/devel/.private/rosplan_knowledge_msgs/share/common-lisp/ros/rosplan_knowledge_msgs/msg/_package_DomainFormula.lisp, /home/jylee/jylee/ROSPlan/devel/share/common-lisp/ros/rosplan_knowledge_msgs/msg/_package_DomainFormula.lisp)
Linked: (/home/jylee/jylee/ROSPlan/devel/.private/rosplan_knowledge_msgs/share/common-lisp/ros/rosplan_knowledge_msgs/msg/_package.lisp, /home/jylee/jylee/ROSPlan/devel/share/common-lisp/ros/rosplan_knowledge_msgs/msg/_package.lisp)
Linked: (/home/jylee/jylee/ROSPlan/devel/.private/rosplan_knowledge_msgs/share/common-lisp/ros/rosplan_knowledge_msgs/msg/_package_DomainInequality.lisp, /home/jylee/jylee/ROSPlan/devel/share/common-lisp/ros/rosplan_knowledge_msgs/msg/_package_DomainInequality.lisp)
Linked: (/home/jylee/jylee/ROSPlan/devel/.private/rosplan_knowledge_msgs/share/common-lisp/ros/rosplan_knowledge_msgs/msg/DomainInequality.lisp, /home/jylee/jylee/ROSPlan/devel/share/common-lisp/ros/rosplan_knowledge_msgs/msg/DomainInequality.lisp)
Linked: (/home/jylee/jylee/ROSPlan/devel/.private/rosplan_knowledge_msgs/share/common-lisp/ros/rosplan_knowledge_msgs/msg/DomainAssignment.lisp, /home/jylee/jylee/ROSPlan/devel/share/common-lisp/ros/rosplan_knowledge_msgs/msg/DomainAssignment.lisp)
Linked: (/home/jylee/jylee/ROSPlan/devel/.private/rosplan_knowledge_msgs/share/common-lisp/ros/rosplan_knowledge_msgs/msg/_package_ExprComposite.lisp, /home/jylee/jylee/ROSPlan/devel/share/common-lisp/ros/rosplan_knowledge_msgs/msg/_package_ExprComposite.lisp)
Linked: (/home/jylee/jylee/ROSPlan/devel/.private/rosplan_knowledge_msgs/share/common-lisp/ros/rosplan_knowledge_msgs/msg/_package_DomainOperator.lisp, /home/jylee/jylee/ROSPlan/devel/share/common-lisp/ros/rosplan_knowledge_msgs/msg/_package_DomainOperator.lisp)
Linked: (/home/jylee/jylee/ROSPlan/devel/.private/rosplan_knowledge_msgs/share/gennodejs/ros/rosplan_knowledge_msgs/_index.js, /home/jylee/jylee/ROSPlan/devel/share/gennodejs/ros/rosplan_knowledge_msgs/_index.js)
Linked: (/home/jylee/jylee/ROSPlan/devel/.private/rosplan_knowledge_msgs/share/gennodejs/ros/rosplan_knowledge_msgs/srv/GetDomainPredicateDetailsService.js, /home/jylee/jylee/ROSPlan/devel/share/gennodejs/ros/rosplan_knowledge_msgs/srv/GetDomainPredicateDetailsService.js)
Linked: (/home/jylee/jylee/ROSPlan/devel/.private/rosplan_knowledge_msgs/share/gennodejs/ros/rosplan_knowledge_msgs/srv/AddWaypoint.js, /home/jylee/jylee/ROSPlan/devel/share/gennodejs/ros/rosplan_knowledge_msgs/srv/AddWaypoint.js)
Linked: (/home/jylee/jylee/ROSPlan/devel/.private/rosplan_knowledge_msgs/share/gennodejs/ros/rosplan_knowledge_msgs/srv/RemoveWaypoint.js, /home/jylee/jylee/ROSPlan/devel/share/gennodejs/ros/rosplan_knowledge_msgs/srv/RemoveWaypoint.js)
Linked: (/home/jylee/jylee/ROSPlan/devel/.private/rosplan_knowledge_msgs/share/gennodejs/ros/rosplan_knowledge_msgs/srv/KnowledgeQueryService.js, /home/jylee/jylee/ROSPlan/devel/share/gennodejs/ros/rosplan_knowledge_msgs/srv/KnowledgeQueryService.js)
Linked: (/home/jylee/jylee/ROSPlan/devel/.private/rosplan_knowledge_msgs/share/gennodejs/ros/rosplan_knowledge_msgs/srv/KnowledgeUpdateService.js, /home/jylee/jylee/ROSPlan/devel/share/gennodejs/ros/rosplan_knowledge_msgs/srv/KnowledgeUpdateService.js)
Linked: (/home/jylee/jylee/ROSPlan/devel/.private/rosplan_knowledge_msgs/share/gennodejs/ros/rosplan_knowledge_msgs/srv/KnowledgeUpdateServiceArray.js, /home/jylee/jylee/ROSPlan/devel/share/gennodejs/ros/rosplan_knowledge_msgs/srv/KnowledgeUpdateServiceArray.js)
Linked: (/home/jylee/jylee/ROSPlan/devel/.private/rosplan_knowledge_msgs/share/gennodejs/ros/rosplan_knowledge_msgs/srv/CreatePRM.js, /home/jylee/jylee/ROSPlan/devel/share/gennodejs/ros/rosplan_knowledge_msgs/srv/CreatePRM.js)
Linked: (/home/jylee/jylee/ROSPlan/devel/.private/rosplan_knowledge_msgs/share/gennodejs/ros/rosplan_knowledge_msgs/srv/GetDomainNameService.js, /home/jylee/jylee/ROSPlan/devel/share/gennodejs/ros/rosplan_knowledge_msgs/srv/GetDomainNameService.js)
Linked: (/home/jylee/jylee/ROSPlan/devel/.private/rosplan_knowledge_msgs/share/gennodejs/ros/rosplan_knowledge_msgs/srv/GetInstanceService.js, /home/jylee/jylee/ROSPlan/devel/share/gennodejs/ros/rosplan_knowledge_msgs/srv/GetInstanceService.js)
Linked: (/home/jylee/jylee/ROSPlan/devel/.private/rosplan_knowledge_msgs/share/gennodejs/ros/rosplan_knowledge_msgs/srv/GetDomainOperatorService.js, /home/jylee/jylee/ROSPlan/devel/share/gennodejs/ros/rosplan_knowledge_msgs/srv/GetDomainOperatorService.js)
Linked: (/home/jylee/jylee/ROSPlan/devel/.private/rosplan_knowledge_msgs/share/gennodejs/ros/rosplan_knowledge_msgs/srv/GetMetricService.js, /home/jylee/jylee/ROSPlan/devel/share/gennodejs/ros/rosplan_knowledge_msgs/srv/GetMetricService.js)
Linked: (/home/jylee/jylee/ROSPlan/devel/.private/rosplan_knowledge_msgs/share/gennodejs/ros/rosplan_knowledge_msgs/srv/GenerateProblemService.js, /home/jylee/jylee/ROSPlan/devel/share/gennodejs/ros/rosplan_knowledge_msgs/srv/GenerateProblemService.js)
Linked: (/home/jylee/jylee/ROSPlan/devel/.private/rosplan_knowledge_msgs/share/gennodejs/ros/rosplan_knowledge_msgs/srv/GetDomainOperatorDetailsService.js, /home/jylee/jylee/ROSPlan/devel/share/gennodejs/ros/rosplan_knowledge_msgs/srv/GetDomainOperatorDetailsService.js)
Linked: (/home/jylee/jylee/ROSPlan/devel/.private/rosplan_knowledge_msgs/share/gennodejs/ros/rosplan_knowledge_msgs/srv/GetAttributeService.js, /home/jylee/jylee/ROSPlan/devel/share/gennodejs/ros/rosplan_knowledge_msgs/srv/GetAttributeService.js)
Linked: (/home/jylee/jylee/ROSPlan/devel/.private/rosplan_knowledge_msgs/share/gennodejs/ros/rosplan_knowledge_msgs/srv/GetDomainTypeService.js, /home/jylee/jylee/ROSPlan/devel/share/gennodejs/ros/rosplan_knowledge_msgs/srv/GetDomainTypeService.js)
Linked: (/home/jylee/jylee/ROSPlan/devel/.private/rosplan_knowledge_msgs/share/gennodejs/ros/rosplan_knowledge_msgs/srv/GetDomainAttributeService.js, /home/jylee/jylee/ROSPlan/devel/share/gennodejs/ros/rosplan_knowledge_msgs/srv/GetDomainAttributeService.js)
Linked: (/home/jylee/jylee/ROSPlan/devel/.private/rosplan_knowledge_msgs/share/gennodejs/ros/rosplan_knowledge_msgs/srv/_index.js, /home/jylee/jylee/ROSPlan/devel/share/gennodejs/ros/rosplan_knowledge_msgs/srv/_index.js)
Linked: (/home/jylee/jylee/ROSPlan/devel/.private/rosplan_knowledge_msgs/share/gennodejs/ros/rosplan_knowledge_msgs/msg/ExprBase.js, /home/jylee/jylee/ROSPlan/devel/share/gennodejs/ros/rosplan_knowledge_msgs/msg/ExprBase.js)
Linked: (/home/jylee/jylee/ROSPlan/devel/.private/rosplan_knowledge_msgs/share/gennodejs/ros/rosplan_knowledge_msgs/msg/KnowledgeItem.js, /home/jylee/jylee/ROSPlan/devel/share/gennodejs/ros/rosplan_knowledge_msgs/msg/KnowledgeItem.js)
Linked: (/home/jylee/jylee/ROSPlan/devel/.private/rosplan_knowledge_msgs/share/gennodejs/ros/rosplan_knowledge_msgs/msg/DomainInequality.js, /home/jylee/jylee/ROSPlan/devel/share/gennodejs/ros/rosplan_knowledge_msgs/msg/DomainInequality.js)
Linked: (/home/jylee/jylee/ROSPlan/devel/.private/rosplan_knowledge_msgs/share/gennodejs/ros/rosplan_knowledge_msgs/msg/DomainOperator.js, /home/jylee/jylee/ROSPlan/devel/share/gennodejs/ros/rosplan_knowledge_msgs/msg/DomainOperator.js)
Linked: (/home/jylee/jylee/ROSPlan/devel/.private/rosplan_knowledge_msgs/share/gennodejs/ros/rosplan_knowledge_msgs/msg/DomainFormula.js, /home/jylee/jylee/ROSPlan/devel/share/gennodejs/ros/rosplan_knowledge_msgs/msg/DomainFormula.js)
Linked: (/home/jylee/jylee/ROSPlan/devel/.private/rosplan_knowledge_msgs/share/gennodejs/ros/rosplan_knowledge_msgs/msg/DomainAssignment.js, /home/jylee/jylee/ROSPlan/devel/share/gennodejs/ros/rosplan_knowledge_msgs/msg/DomainAssignment.js)
Linked: (/home/jylee/jylee/ROSPlan/devel/.private/rosplan_knowledge_msgs/share/gennodejs/ros/rosplan_knowledge_msgs/msg/ExprComposite.js, /home/jylee/jylee/ROSPlan/devel/share/gennodejs/ros/rosplan_knowledge_msgs/msg/ExprComposite.js)
Linked: (/home/jylee/jylee/ROSPlan/devel/.private/rosplan_knowledge_msgs/share/gennodejs/ros/rosplan_knowledge_msgs/msg/_index.js, /home/jylee/jylee/ROSPlan/devel/share/gennodejs/ros/rosplan_knowledge_msgs/msg/_index.js)
Linked: (/home/jylee/jylee/ROSPlan/devel/.private/rosplan_knowledge_msgs/share/rosplan_knowledge_msgs/cmake/rosplan_knowledge_msgs-msg-paths.cmake, /home/jylee/jylee/ROSPlan/devel/share/rosplan_knowledge_msgs/cmake/rosplan_knowledge_msgs-msg-paths.cmake)
Linked: (/home/jylee/jylee/ROSPlan/devel/.private/rosplan_knowledge_msgs/share/rosplan_knowledge_msgs/cmake/rosplan_knowledge_msgsConfig-version.cmake, /home/jylee/jylee/ROSPlan/devel/share/rosplan_knowledge_msgs/cmake/rosplan_knowledge_msgsConfig-version.cmake)
Linked: (/home/jylee/jylee/ROSPlan/devel/.private/rosplan_knowledge_msgs/share/rosplan_knowledge_msgs/cmake/rosplan_knowledge_msgsConfig.cmake, /home/jylee/jylee/ROSPlan/devel/share/rosplan_knowledge_msgs/cmake/rosplan_knowledge_msgsConfig.cmake)
Linked: (/home/jylee/jylee/ROSPlan/devel/.private/rosplan_knowledge_msgs/share/rosplan_knowledge_msgs/cmake/rosplan_knowledge_msgs-msg-extras.cmake, /home/jylee/jylee/ROSPlan/devel/share/rosplan_knowledge_msgs/cmake/rosplan_knowledge_msgs-msg-extras.cmake)
Linked: (/home/jylee/jylee/ROSPlan/devel/.private/rosplan_knowledge_msgs/share/roseus/ros/rosplan_knowledge_msgs/manifest.l, /home/jylee/jylee/ROSPlan/devel/share/roseus/ros/rosplan_knowledge_msgs/manifest.l)
Linked: (/home/jylee/jylee/ROSPlan/devel/.private/rosplan_knowledge_msgs/share/roseus/ros/rosplan_knowledge_msgs/srv/GetDomainTypeService.l, /home/jylee/jylee/ROSPlan/devel/share/roseus/ros/rosplan_knowledge_msgs/srv/GetDomainTypeService.l)
Linked: (/home/jylee/jylee/ROSPlan/devel/.private/rosplan_knowledge_msgs/share/roseus/ros/rosplan_knowledge_msgs/srv/RemoveWaypoint.l, /home/jylee/jylee/ROSPlan/devel/share/roseus/ros/rosplan_knowledge_msgs/srv/RemoveWaypoint.l)
Linked: (/home/jylee/jylee/ROSPlan/devel/.private/rosplan_knowledge_msgs/share/roseus/ros/rosplan_knowledge_msgs/srv/KnowledgeUpdateServiceArray.l, /home/jylee/jylee/ROSPlan/devel/share/roseus/ros/rosplan_knowledge_msgs/srv/KnowledgeUpdateServiceArray.l)
Linked: (/home/jylee/jylee/ROSPlan/devel/.private/rosplan_knowledge_msgs/share/roseus/ros/rosplan_knowledge_msgs/srv/KnowledgeQueryService.l, /home/jylee/jylee/ROSPlan/devel/share/roseus/ros/rosplan_knowledge_msgs/srv/KnowledgeQueryService.l)
Linked: (/home/jylee/jylee/ROSPlan/devel/.private/rosplan_knowledge_msgs/share/roseus/ros/rosplan_knowledge_msgs/srv/GetInstanceService.l, /home/jylee/jylee/ROSPlan/devel/share/roseus/ros/rosplan_knowledge_msgs/srv/GetInstanceService.l)
Linked: (/home/jylee/jylee/ROSPlan/devel/.private/rosplan_knowledge_msgs/share/roseus/ros/rosplan_knowledge_msgs/srv/GenerateProblemService.l, /home/jylee/jylee/ROSPlan/devel/share/roseus/ros/rosplan_knowledge_msgs/srv/GenerateProblemService.l)
Linked: (/home/jylee/jylee/ROSPlan/devel/.private/rosplan_knowledge_msgs/share/roseus/ros/rosplan_knowledge_msgs/srv/GetDomainOperatorService.l, /home/jylee/jylee/ROSPlan/devel/share/roseus/ros/rosplan_knowledge_msgs/srv/GetDomainOperatorService.l)
Linked: (/home/jylee/jylee/ROSPlan/devel/.private/rosplan_knowledge_msgs/share/roseus/ros/rosplan_knowledge_msgs/srv/GetAttributeService.l, /home/jylee/jylee/ROSPlan/devel/share/roseus/ros/rosplan_knowledge_msgs/srv/GetAttributeService.l)
Linked: (/home/jylee/jylee/ROSPlan/devel/.private/rosplan_knowledge_msgs/share/roseus/ros/rosplan_knowledge_msgs/srv/GetDomainNameService.l, /home/jylee/jylee/ROSPlan/devel/share/roseus/ros/rosplan_knowledge_msgs/srv/GetDomainNameService.l)
Linked: (/home/jylee/jylee/ROSPlan/devel/.private/rosplan_knowledge_msgs/share/roseus/ros/rosplan_knowledge_msgs/srv/AddWaypoint.l, /home/jylee/jylee/ROSPlan/devel/share/roseus/ros/rosplan_knowledge_msgs/srv/AddWaypoint.l)
Linked: (/home/jylee/jylee/ROSPlan/devel/.private/rosplan_knowledge_msgs/share/roseus/ros/rosplan_knowledge_msgs/srv/KnowledgeUpdateService.l, /home/jylee/jylee/ROSPlan/devel/share/roseus/ros/rosplan_knowledge_msgs/srv/KnowledgeUpdateService.l)
Linked: (/home/jylee/jylee/ROSPlan/devel/.private/rosplan_knowledge_msgs/share/roseus/ros/rosplan_knowledge_msgs/srv/GetDomainAttributeService.l, /home/jylee/jylee/ROSPlan/devel/share/roseus/ros/rosplan_knowledge_msgs/srv/GetDomainAttributeService.l)
Linked: (/home/jylee/jylee/ROSPlan/devel/.private/rosplan_knowledge_msgs/share/roseus/ros/rosplan_knowledge_msgs/srv/GetMetricService.l, /home/jylee/jylee/ROSPlan/devel/share/roseus/ros/rosplan_knowledge_msgs/srv/GetMetricService.l)
Linked: (/home/jylee/jylee/ROSPlan/devel/.private/rosplan_knowledge_msgs/share/roseus/ros/rosplan_knowledge_msgs/srv/CreatePRM.l, /home/jylee/jylee/ROSPlan/devel/share/roseus/ros/rosplan_knowledge_msgs/srv/CreatePRM.l)
Linked: (/home/jylee/jylee/ROSPlan/devel/.private/rosplan_knowledge_msgs/share/roseus/ros/rosplan_knowledge_msgs/srv/GetDomainPredicateDetailsService.l, /home/jylee/jylee/ROSPlan/devel/share/roseus/ros/rosplan_knowledge_msgs/srv/GetDomainPredicateDetailsService.l)
Linked: (/home/jylee/jylee/ROSPlan/devel/.private/rosplan_knowledge_msgs/share/roseus/ros/rosplan_knowledge_msgs/srv/GetDomainOperatorDetailsService.l, /home/jylee/jylee/ROSPlan/devel/share/roseus/ros/rosplan_knowledge_msgs/srv/GetDomainOperatorDetailsService.l)
Linked: (/home/jylee/jylee/ROSPlan/devel/.private/rosplan_knowledge_msgs/share/roseus/ros/rosplan_knowledge_msgs/msg/ExprBase.l, /home/jylee/jylee/ROSPlan/devel/share/roseus/ros/rosplan_knowledge_msgs/msg/ExprBase.l)
Linked: (/home/jylee/jylee/ROSPlan/devel/.private/rosplan_knowledge_msgs/share/roseus/ros/rosplan_knowledge_msgs/msg/KnowledgeItem.l, /home/jylee/jylee/ROSPlan/devel/share/roseus/ros/rosplan_knowledge_msgs/msg/KnowledgeItem.l)
Linked: (/home/jylee/jylee/ROSPlan/devel/.private/rosplan_knowledge_msgs/share/roseus/ros/rosplan_knowledge_msgs/msg/DomainOperator.l, /home/jylee/jylee/ROSPlan/devel/share/roseus/ros/rosplan_knowledge_msgs/msg/DomainOperator.l)
Linked: (/home/jylee/jylee/ROSPlan/devel/.private/rosplan_knowledge_msgs/share/roseus/ros/rosplan_knowledge_msgs/msg/DomainAssignment.l, /home/jylee/jylee/ROSPlan/devel/share/roseus/ros/rosplan_knowledge_msgs/msg/DomainAssignment.l)
Linked: (/home/jylee/jylee/ROSPlan/devel/.private/rosplan_knowledge_msgs/share/roseus/ros/rosplan_knowledge_msgs/msg/DomainInequality.l, /home/jylee/jylee/ROSPlan/devel/share/roseus/ros/rosplan_knowledge_msgs/msg/DomainInequality.l)
Linked: (/home/jylee/jylee/ROSPlan/devel/.private/rosplan_knowledge_msgs/share/roseus/ros/rosplan_knowledge_msgs/msg/DomainFormula.l, /home/jylee/jylee/ROSPlan/devel/share/roseus/ros/rosplan_knowledge_msgs/msg/DomainFormula.l)
Linked: (/home/jylee/jylee/ROSPlan/devel/.private/rosplan_knowledge_msgs/share/roseus/ros/rosplan_knowledge_msgs/msg/ExprComposite.l, /home/jylee/jylee/ROSPlan/devel/share/roseus/ros/rosplan_knowledge_msgs/msg/ExprComposite.l)
Linked: (/home/jylee/jylee/ROSPlan/devel/.private/rosplan_knowledge_msgs/include/rosplan_knowledge_msgs/GetAttributeServiceRequest.h, /home/jylee/jylee/ROSPlan/devel/include/rosplan_knowledge_msgs/GetAttributeServiceRequest.h)
Linked: (/home/jylee/jylee/ROSPlan/devel/.private/rosplan_knowledge_msgs/include/rosplan_knowledge_msgs/RemoveWaypoint.h, /home/jylee/jylee/ROSPlan/devel/include/rosplan_knowledge_msgs/RemoveWaypoint.h)
Linked: (/home/jylee/jylee/ROSPlan/devel/.private/rosplan_knowledge_msgs/include/rosplan_knowledge_msgs/GetDomainOperatorService.h, /home/jylee/jylee/ROSPlan/devel/include/rosplan_knowledge_msgs/GetDomainOperatorService.h)
Linked: (/home/jylee/jylee/ROSPlan/devel/.private/rosplan_knowledge_msgs/include/rosplan_knowledge_msgs/GetDomainTypeService.h, /home/jylee/jylee/ROSPlan/devel/include/rosplan_knowledge_msgs/GetDomainTypeService.h)
Linked: (/home/jylee/jylee/ROSPlan/devel/.private/rosplan_knowledge_msgs/include/rosplan_knowledge_msgs/GetDomainOperatorServiceRequest.h, /home/jylee/jylee/ROSPlan/devel/include/rosplan_knowledge_msgs/GetDomainOperatorServiceRequest.h)
Linked: (/home/jylee/jylee/ROSPlan/devel/.private/rosplan_knowledge_msgs/include/rosplan_knowledge_msgs/DomainOperator.h, /home/jylee/jylee/ROSPlan/devel/include/rosplan_knowledge_msgs/DomainOperator.h)
Linked: (/home/jylee/jylee/ROSPlan/devel/.private/rosplan_knowledge_msgs/include/rosplan_knowledge_msgs/GetDomainOperatorDetailsServiceRequest.h, /home/jylee/jylee/ROSPlan/devel/include/rosplan_knowledge_msgs/GetDomainOperatorDetailsServiceRequest.h)
Linked: (/home/jylee/jylee/ROSPlan/devel/.private/rosplan_knowledge_msgs/include/rosplan_knowledge_msgs/ExprBase.h, /home/jylee/jylee/ROSPlan/devel/include/rosplan_knowledge_msgs/ExprBase.h)
Linked: (/home/jylee/jylee/ROSPlan/devel/.private/rosplan_knowledge_msgs/include/rosplan_knowledge_msgs/RemoveWaypointResponse.h, /home/jylee/jylee/ROSPlan/devel/include/rosplan_knowledge_msgs/RemoveWaypointResponse.h)
Linked: (/home/jylee/jylee/ROSPlan/devel/.private/rosplan_knowledge_msgs/include/rosplan_knowledge_msgs/CreatePRMRequest.h, /home/jylee/jylee/ROSPlan/devel/include/rosplan_knowledge_msgs/CreatePRMRequest.h)
Linked: (/home/jylee/jylee/ROSPlan/devel/.private/rosplan_knowledge_msgs/include/rosplan_knowledge_msgs/GetDomainTypeServiceResponse.h, /home/jylee/jylee/ROSPlan/devel/include/rosplan_knowledge_msgs/GetDomainTypeServiceResponse.h)
Linked: (/home/jylee/jylee/ROSPlan/devel/.private/rosplan_knowledge_msgs/include/rosplan_knowledge_msgs/DomainAssignment.h, /home/jylee/jylee/ROSPlan/devel/include/rosplan_knowledge_msgs/DomainAssignment.h)
Linked: (/home/jylee/jylee/ROSPlan/devel/.private/rosplan_knowledge_msgs/include/rosplan_knowledge_msgs/AddWaypointResponse.h, /home/jylee/jylee/ROSPlan/devel/include/rosplan_knowledge_msgs/AddWaypointResponse.h)
Linked: (/home/jylee/jylee/ROSPlan/devel/.private/rosplan_knowledge_msgs/include/rosplan_knowledge_msgs/KnowledgeUpdateServiceResponse.h, /home/jylee/jylee/ROSPlan/devel/include/rosplan_knowledge_msgs/KnowledgeUpdateServiceResponse.h)
Linked: (/home/jylee/jylee/ROSPlan/devel/.private/rosplan_knowledge_msgs/include/rosplan_knowledge_msgs/KnowledgeUpdateServiceArray.h, /home/jylee/jylee/ROSPlan/devel/include/rosplan_knowledge_msgs/KnowledgeUpdateServiceArray.h)
Linked: (/home/jylee/jylee/ROSPlan/devel/.private/rosplan_knowledge_msgs/include/rosplan_knowledge_msgs/RemoveWaypointRequest.h, /home/jylee/jylee/ROSPlan/devel/include/rosplan_knowledge_msgs/RemoveWaypointRequest.h)
Linked: (/home/jylee/jylee/ROSPlan/devel/.private/rosplan_knowledge_msgs/include/rosplan_knowledge_msgs/GetInstanceService.h, /home/jylee/jylee/ROSPlan/devel/include/rosplan_knowledge_msgs/GetInstanceService.h)
Linked: (/home/jylee/jylee/ROSPlan/devel/.private/rosplan_knowledge_msgs/include/rosplan_knowledge_msgs/GenerateProblemService.h, /home/jylee/jylee/ROSPlan/devel/include/rosplan_knowledge_msgs/GenerateProblemService.h)
Linked: (/home/jylee/jylee/ROSPlan/devel/.private/rosplan_knowledge_msgs/include/rosplan_knowledge_msgs/DomainFormula.h, /home/jylee/jylee/ROSPlan/devel/include/rosplan_knowledge_msgs/DomainFormula.h)
Linked: (/home/jylee/jylee/ROSPlan/devel/.private/rosplan_knowledge_msgs/include/rosplan_knowledge_msgs/GetInstanceServiceResponse.h, /home/jylee/jylee/ROSPlan/devel/include/rosplan_knowledge_msgs/GetInstanceServiceResponse.h)
Linked: (/home/jylee/jylee/ROSPlan/devel/.private/rosplan_knowledge_msgs/include/rosplan_knowledge_msgs/GetDomainPredicateDetailsServiceRequest.h, /home/jylee/jylee/ROSPlan/devel/include/rosplan_knowledge_msgs/GetDomainPredicateDetailsServiceRequest.h)
Linked: (/home/jylee/jylee/ROSPlan/devel/.private/rosplan_knowledge_msgs/include/rosplan_knowledge_msgs/CreatePRM.h, /home/jylee/jylee/ROSPlan/devel/include/rosplan_knowledge_msgs/CreatePRM.h)
Linked: (/home/jylee/jylee/ROSPlan/devel/.private/rosplan_knowledge_msgs/include/rosplan_knowledge_msgs/GetMetricServiceRequest.h, /home/jylee/jylee/ROSPlan/devel/include/rosplan_knowledge_msgs/GetMetricServiceRequest.h)
Linked: (/home/jylee/jylee/ROSPlan/devel/.private/rosplan_knowledge_msgs/include/rosplan_knowledge_msgs/GetMetricServiceResponse.h, /home/jylee/jylee/ROSPlan/devel/include/rosplan_knowledge_msgs/GetMetricServiceResponse.h)
Linked: (/home/jylee/jylee/ROSPlan/devel/.private/rosplan_knowledge_msgs/include/rosplan_knowledge_msgs/KnowledgeUpdateServiceArrayRequest.h, /home/jylee/jylee/ROSPlan/devel/include/rosplan_knowledge_msgs/KnowledgeUpdateServiceArrayRequest.h)
Linked: (/home/jylee/jylee/ROSPlan/devel/.private/rosplan_knowledge_msgs/include/rosplan_knowledge_msgs/GetDomainOperatorServiceResponse.h, /home/jylee/jylee/ROSPlan/devel/include/rosplan_knowledge_msgs/GetDomainOperatorServiceResponse.h)
Linked: (/home/jylee/jylee/ROSPlan/devel/.private/rosplan_knowledge_msgs/include/rosplan_knowledge_msgs/KnowledgeQueryServiceRequest.h, /home/jylee/jylee/ROSPlan/devel/include/rosplan_knowledge_msgs/KnowledgeQueryServiceRequest.h)
Linked: (/home/jylee/jylee/ROSPlan/devel/.private/rosplan_knowledge_msgs/include/rosplan_knowledge_msgs/AddWaypointRequest.h, /home/jylee/jylee/ROSPlan/devel/include/rosplan_knowledge_msgs/AddWaypointRequest.h)
Linked: (/home/jylee/jylee/ROSPlan/devel/.private/rosplan_knowledge_msgs/include/rosplan_knowledge_msgs/GetDomainOperatorDetailsServiceResponse.h, /home/jylee/jylee/ROSPlan/devel/include/rosplan_knowledge_msgs/GetDomainOperatorDetailsServiceResponse.h)
Linked: (/home/jylee/jylee/ROSPlan/devel/.private/rosplan_knowledge_msgs/include/rosplan_knowledge_msgs/GetDomainNameServiceResponse.h, /home/jylee/jylee/ROSPlan/devel/include/rosplan_knowledge_msgs/GetDomainNameServiceResponse.h)
Linked: (/home/jylee/jylee/ROSPlan/devel/.private/rosplan_knowledge_msgs/include/rosplan_knowledge_msgs/KnowledgeQueryServiceResponse.h, /home/jylee/jylee/ROSPlan/devel/include/rosplan_knowledge_msgs/KnowledgeQueryServiceResponse.h)
Linked: (/home/jylee/jylee/ROSPlan/devel/.private/rosplan_knowledge_msgs/include/rosplan_knowledge_msgs/GetMetricService.h, /home/jylee/jylee/ROSPlan/devel/include/rosplan_knowledge_msgs/GetMetricService.h)
Linked: (/home/jylee/jylee/ROSPlan/devel/.private/rosplan_knowledge_msgs/include/rosplan_knowledge_msgs/GenerateProblemServiceResponse.h, /home/jylee/jylee/ROSPlan/devel/include/rosplan_knowledge_msgs/GenerateProblemServiceResponse.h)
Linked: (/home/jylee/jylee/ROSPlan/devel/.private/rosplan_knowledge_msgs/include/rosplan_knowledge_msgs/GetDomainTypeServiceRequest.h, /home/jylee/jylee/ROSPlan/devel/include/rosplan_knowledge_msgs/GetDomainTypeServiceRequest.h)
Linked: (/home/jylee/jylee/ROSPlan/devel/.private/rosplan_knowledge_msgs/include/rosplan_knowledge_msgs/GetDomainNameServiceRequest.h, /home/jylee/jylee/ROSPlan/devel/include/rosplan_knowledge_msgs/GetDomainNameServiceRequest.h)
Linked: (/home/jylee/jylee/ROSPlan/devel/.private/rosplan_knowledge_msgs/include/rosplan_knowledge_msgs/GetDomainAttributeService.h, /home/jylee/jylee/ROSPlan/devel/include/rosplan_knowledge_msgs/GetDomainAttributeService.h)
Linked: (/home/jylee/jylee/ROSPlan/devel/.private/rosplan_knowledge_msgs/include/rosplan_knowledge_msgs/GetDomainPredicateDetailsServiceResponse.h, /home/jylee/jylee/ROSPlan/devel/include/rosplan_knowledge_msgs/GetDomainPredicateDetailsServiceResponse.h)
Linked: (/home/jylee/jylee/ROSPlan/devel/.private/rosplan_knowledge_msgs/include/rosplan_knowledge_msgs/GetDomainPredicateDetailsService.h, /home/jylee/jylee/ROSPlan/devel/include/rosplan_knowledge_msgs/GetDomainPredicateDetailsService.h)
Linked: (/home/jylee/jylee/ROSPlan/devel/.private/rosplan_knowledge_msgs/include/rosplan_knowledge_msgs/GenerateProblemServiceRequest.h, /home/jylee/jylee/ROSPlan/devel/include/rosplan_knowledge_msgs/GenerateProblemServiceRequest.h)
Linked: (/home/jylee/jylee/ROSPlan/devel/.private/rosplan_knowledge_msgs/include/rosplan_knowledge_msgs/GetInstanceServiceRequest.h, /home/jylee/jylee/ROSPlan/devel/include/rosplan_knowledge_msgs/GetInstanceServiceRequest.h)
Linked: (/home/jylee/jylee/ROSPlan/devel/.private/rosplan_knowledge_msgs/include/rosplan_knowledge_msgs/DomainInequality.h, /home/jylee/jylee/ROSPlan/devel/include/rosplan_knowledge_msgs/DomainInequality.h)
Linked: (/home/jylee/jylee/ROSPlan/devel/.private/rosplan_knowledge_msgs/include/rosplan_knowledge_msgs/GetAttributeService.h, /home/jylee/jylee/ROSPlan/devel/include/rosplan_knowledge_msgs/GetAttributeService.h)
Linked: (/home/jylee/jylee/ROSPlan/devel/.private/rosplan_knowledge_msgs/include/rosplan_knowledge_msgs/GetAttributeServiceResponse.h, /home/jylee/jylee/ROSPlan/devel/include/rosplan_knowledge_msgs/GetAttributeServiceResponse.h)
Linked: (/home/jylee/jylee/ROSPlan/devel/.private/rosplan_knowledge_msgs/include/rosplan_knowledge_msgs/KnowledgeItem.h, /home/jylee/jylee/ROSPlan/devel/include/rosplan_knowledge_msgs/KnowledgeItem.h)
Linked: (/home/jylee/jylee/ROSPlan/devel/.private/rosplan_knowledge_msgs/include/rosplan_knowledge_msgs/KnowledgeUpdateServiceRequest.h, /home/jylee/jylee/ROSPlan/devel/include/rosplan_knowledge_msgs/KnowledgeUpdateServiceRequest.h)
Linked: (/home/jylee/jylee/ROSPlan/devel/.private/rosplan_knowledge_msgs/include/rosplan_knowledge_msgs/ExprComposite.h, /home/jylee/jylee/ROSPlan/devel/include/rosplan_knowledge_msgs/ExprComposite.h)
Linked: (/home/jylee/jylee/ROSPlan/devel/.private/rosplan_knowledge_msgs/include/rosplan_knowledge_msgs/AddWaypoint.h, /home/jylee/jylee/ROSPlan/devel/include/rosplan_knowledge_msgs/AddWaypoint.h)
Linked: (/home/jylee/jylee/ROSPlan/devel/.private/rosplan_knowledge_msgs/include/rosplan_knowledge_msgs/GetDomainAttributeServiceRequest.h, /home/jylee/jylee/ROSPlan/devel/include/rosplan_knowledge_msgs/GetDomainAttributeServiceRequest.h)
Linked: (/home/jylee/jylee/ROSPlan/devel/.private/rosplan_knowledge_msgs/include/rosplan_knowledge_msgs/CreatePRMResponse.h, /home/jylee/jylee/ROSPlan/devel/include/rosplan_knowledge_msgs/CreatePRMResponse.h)
Linked: (/home/jylee/jylee/ROSPlan/devel/.private/rosplan_knowledge_msgs/include/rosplan_knowledge_msgs/KnowledgeQueryService.h, /home/jylee/jylee/ROSPlan/devel/include/rosplan_knowledge_msgs/KnowledgeQueryService.h)
Linked: (/home/jylee/jylee/ROSPlan/devel/.private/rosplan_knowledge_msgs/include/rosplan_knowledge_msgs/KnowledgeUpdateServiceArrayResponse.h, /home/jylee/jylee/ROSPlan/devel/include/rosplan_knowledge_msgs/KnowledgeUpdateServiceArrayResponse.h)
Linked: (/home/jylee/jylee/ROSPlan/devel/.private/rosplan_knowledge_msgs/include/rosplan_knowledge_msgs/GetDomainAttributeServiceResponse.h, /home/jylee/jylee/ROSPlan/devel/include/rosplan_knowledge_msgs/GetDomainAttributeServiceResponse.h)
Linked: (/home/jylee/jylee/ROSPlan/devel/.private/rosplan_knowledge_msgs/include/rosplan_knowledge_msgs/GetDomainNameService.h, /home/jylee/jylee/ROSPlan/devel/include/rosplan_knowledge_msgs/GetDomainNameService.h)
Linked: (/home/jylee/jylee/ROSPlan/devel/.private/rosplan_knowledge_msgs/include/rosplan_knowledge_msgs/GetDomainOperatorDetailsService.h, /home/jylee/jylee/ROSPlan/devel/include/rosplan_knowledge_msgs/GetDomainOperatorDetailsService.h)
Linked: (/home/jylee/jylee/ROSPlan/devel/.private/rosplan_knowledge_msgs/include/rosplan_knowledge_msgs/KnowledgeUpdateService.h, /home/jylee/jylee/ROSPlan/devel/include/rosplan_knowledge_msgs/KnowledgeUpdateService.h)
Linked: (/home/jylee/jylee/ROSPlan/devel/.private/rosplan_knowledge_msgs/lib/pkgconfig/rosplan_knowledge_msgs.pc, /home/jylee/jylee/ROSPlan/devel/lib/pkgconfig/rosplan_knowledge_msgs.pc)
Linked: (/home/jylee/jylee/ROSPlan/devel/.private/rosplan_knowledge_msgs/lib/python2.7/dist-packages/rosplan_knowledge_msgs/__init__.py, /home/jylee/jylee/ROSPlan/devel/lib/python2.7/dist-packages/rosplan_knowledge_msgs/__init__.py)
Linked: (/home/jylee/jylee/ROSPlan/devel/.private/rosplan_knowledge_msgs/lib/python2.7/dist-packages/rosplan_knowledge_msgs/srv/_GetDomainPredicateDetailsService.py, /home/jylee/jylee/ROSPlan/devel/lib/python2.7/dist-packages/rosplan_knowledge_msgs/srv/_GetDomainPredicateDetailsService.py)
Linked: (/home/jylee/jylee/ROSPlan/devel/.private/rosplan_knowledge_msgs/lib/python2.7/dist-packages/rosplan_knowledge_msgs/srv/_AddWaypoint.py, /home/jylee/jylee/ROSPlan/devel/lib/python2.7/dist-packages/rosplan_knowledge_msgs/srv/_AddWaypoint.py)
Linked: (/home/jylee/jylee/ROSPlan/devel/.private/rosplan_knowledge_msgs/lib/python2.7/dist-packages/rosplan_knowledge_msgs/srv/_GetInstanceService.py, /home/jylee/jylee/ROSPlan/devel/lib/python2.7/dist-packages/rosplan_knowledge_msgs/srv/_GetInstanceService.py)
Linked: (/home/jylee/jylee/ROSPlan/devel/.private/rosplan_knowledge_msgs/lib/python2.7/dist-packages/rosplan_knowledge_msgs/srv/_GetDomainOperatorDetailsService.py, /home/jylee/jylee/ROSPlan/devel/lib/python2.7/dist-packages/rosplan_knowledge_msgs/srv/_GetDomainOperatorDetailsService.py)
Linked: (/home/jylee/jylee/ROSPlan/devel/.private/rosplan_knowledge_msgs/lib/python2.7/dist-packages/rosplan_knowledge_msgs/srv/_GetDomainNameService.py, /home/jylee/jylee/ROSPlan/devel/lib/python2.7/dist-packages/rosplan_knowledge_msgs/srv/_GetDomainNameService.py)
Linked: (/home/jylee/jylee/ROSPlan/devel/.private/rosplan_knowledge_msgs/lib/python2.7/dist-packages/rosplan_knowledge_msgs/srv/_KnowledgeUpdateService.py, /home/jylee/jylee/ROSPlan/devel/lib/python2.7/dist-packages/rosplan_knowledge_msgs/srv/_KnowledgeUpdateService.py)
Linked: (/home/jylee/jylee/ROSPlan/devel/.private/rosplan_knowledge_msgs/lib/python2.7/dist-packages/rosplan_knowledge_msgs/srv/_RemoveWaypoint.py, /home/jylee/jylee/ROSPlan/devel/lib/python2.7/dist-packages/rosplan_knowledge_msgs/srv/_RemoveWaypoint.py)
Linked: (/home/jylee/jylee/ROSPlan/devel/.private/rosplan_knowledge_msgs/lib/python2.7/dist-packages/rosplan_knowledge_msgs/srv/_GetDomainTypeService.py, /home/jylee/jylee/ROSPlan/devel/lib/python2.7/dist-packages/rosplan_knowledge_msgs/srv/_GetDomainTypeService.py)
Linked: (/home/jylee/jylee/ROSPlan/devel/.private/rosplan_knowledge_msgs/lib/python2.7/dist-packages/rosplan_knowledge_msgs/srv/_GetDomainAttributeService.py, /home/jylee/jylee/ROSPlan/devel/lib/python2.7/dist-packages/rosplan_knowledge_msgs/srv/_GetDomainAttributeService.py)
Linked: (/home/jylee/jylee/ROSPlan/devel/.private/rosplan_knowledge_msgs/lib/python2.7/dist-packages/rosplan_knowledge_msgs/srv/_GetMetricService.py, /home/jylee/jylee/ROSPlan/devel/lib/python2.7/dist-packages/rosplan_knowledge_msgs/srv/_GetMetricService.py)
Linked: (/home/jylee/jylee/ROSPlan/devel/.private/rosplan_knowledge_msgs/lib/python2.7/dist-packages/rosplan_knowledge_msgs/srv/_GenerateProblemService.py, /home/jylee/jylee/ROSPlan/devel/lib/python2.7/dist-packages/rosplan_knowledge_msgs/srv/_GenerateProblemService.py)
Linked: (/home/jylee/jylee/ROSPlan/devel/.private/rosplan_knowledge_msgs/lib/python2.7/dist-packages/rosplan_knowledge_msgs/srv/_KnowledgeUpdateServiceArray.py, /home/jylee/jylee/ROSPlan/devel/lib/python2.7/dist-packages/rosplan_knowledge_msgs/srv/_KnowledgeUpdateServiceArray.py)
Linked: (/home/jylee/jylee/ROSPlan/devel/.private/rosplan_knowledge_msgs/lib/python2.7/dist-packages/rosplan_knowledge_msgs/srv/__init__.py, /home/jylee/jylee/ROSPlan/devel/lib/python2.7/dist-packages/rosplan_knowledge_msgs/srv/__init__.py)
Linked: (/home/jylee/jylee/ROSPlan/devel/.private/rosplan_knowledge_msgs/lib/python2.7/dist-packages/rosplan_knowledge_msgs/srv/_GetDomainOperatorService.py, /home/jylee/jylee/ROSPlan/devel/lib/python2.7/dist-packages/rosplan_knowledge_msgs/srv/_GetDomainOperatorService.py)
Linked: (/home/jylee/jylee/ROSPlan/devel/.private/rosplan_knowledge_msgs/lib/python2.7/dist-packages/rosplan_knowledge_msgs/srv/_GetAttributeService.py, /home/jylee/jylee/ROSPlan/devel/lib/python2.7/dist-packages/rosplan_knowledge_msgs/srv/_GetAttributeService.py)
Linked: (/home/jylee/jylee/ROSPlan/devel/.private/rosplan_knowledge_msgs/lib/python2.7/dist-packages/rosplan_knowledge_msgs/srv/_CreatePRM.py, /home/jylee/jylee/ROSPlan/devel/lib/python2.7/dist-packages/rosplan_knowledge_msgs/srv/_CreatePRM.py)
Linked: (/home/jylee/jylee/ROSPlan/devel/.private/rosplan_knowledge_msgs/lib/python2.7/dist-packages/rosplan_knowledge_msgs/srv/_KnowledgeQueryService.py, /home/jylee/jylee/ROSPlan/devel/lib/python2.7/dist-packages/rosplan_knowledge_msgs/srv/_KnowledgeQueryService.py)
Linked: (/home/jylee/jylee/ROSPlan/devel/.private/rosplan_knowledge_msgs/lib/python2.7/dist-packages/rosplan_knowledge_msgs/msg/_ExprBase.py, /home/jylee/jylee/ROSPlan/devel/lib/python2.7/dist-packages/rosplan_knowledge_msgs/msg/_ExprBase.py)
Linked: (/home/jylee/jylee/ROSPlan/devel/.private/rosplan_knowledge_msgs/lib/python2.7/dist-packages/rosplan_knowledge_msgs/msg/_ExprComposite.py, /home/jylee/jylee/ROSPlan/devel/lib/python2.7/dist-packages/rosplan_knowledge_msgs/msg/_ExprComposite.py)
Linked: (/home/jylee/jylee/ROSPlan/devel/.private/rosplan_knowledge_msgs/lib/python2.7/dist-packages/rosplan_knowledge_msgs/msg/_DomainInequality.py, /home/jylee/jylee/ROSPlan/devel/lib/python2.7/dist-packages/rosplan_knowledge_msgs/msg/_DomainInequality.py)
Linked: (/home/jylee/jylee/ROSPlan/devel/.private/rosplan_knowledge_msgs/lib/python2.7/dist-packages/rosplan_knowledge_msgs/msg/_DomainAssignment.py, /home/jylee/jylee/ROSPlan/devel/lib/python2.7/dist-packages/rosplan_knowledge_msgs/msg/_DomainAssignment.py)
Linked: (/home/jylee/jylee/ROSPlan/devel/.private/rosplan_knowledge_msgs/lib/python2.7/dist-packages/rosplan_knowledge_msgs/msg/__init__.py, /home/jylee/jylee/ROSPlan/devel/lib/python2.7/dist-packages/rosplan_knowledge_msgs/msg/__init__.py)
Linked: (/home/jylee/jylee/ROSPlan/devel/.private/rosplan_knowledge_msgs/lib/python2.7/dist-packages/rosplan_knowledge_msgs/msg/_KnowledgeItem.py, /home/jylee/jylee/ROSPlan/devel/lib/python2.7/dist-packages/rosplan_knowledge_msgs/msg/_KnowledgeItem.py)
Linked: (/home/jylee/jylee/ROSPlan/devel/.private/rosplan_knowledge_msgs/lib/python2.7/dist-packages/rosplan_knowledge_msgs/msg/_DomainFormula.py, /home/jylee/jylee/ROSPlan/devel/lib/python2.7/dist-packages/rosplan_knowledge_msgs/msg/_DomainFormula.py)
Linked: (/home/jylee/jylee/ROSPlan/devel/.private/rosplan_knowledge_msgs/lib/python2.7/dist-packages/rosplan_knowledge_msgs/msg/_DomainOperator.py, /home/jylee/jylee/ROSPlan/devel/lib/python2.7/dist-packages/rosplan_knowledge_msgs/msg/_DomainOperator.py)
