Symlinking /home/jylee/jylee/ROSPlan/devel/share/common-lisp/ros/rosplan_knowledge_msgs/srv/_package_GetDomainNameService.lisp
Symlinking /home/jylee/jylee/ROSPlan/devel/share/common-lisp/ros/rosplan_knowledge_msgs/srv/_package_KnowledgeUpdateService.lisp
Symlinking /home/jylee/jylee/ROSPlan/devel/share/common-lisp/ros/rosplan_knowledge_msgs/srv/GetDomainNameService.lisp
Symlinking /home/jylee/jylee/ROSPlan/devel/share/common-lisp/ros/rosplan_knowledge_msgs/srv/KnowledgeUpdateService.lisp
Symlinking /home/jylee/jylee/ROSPlan/devel/share/common-lisp/ros/rosplan_knowledge_msgs/srv/GetDomainPredicateDetailsService.lisp
Symlinking /home/jylee/jylee/ROSPlan/devel/share/common-lisp/ros/rosplan_knowledge_msgs/srv/GetAttributeService.lisp
Symlinking /home/jylee/jylee/ROSPlan/devel/share/common-lisp/ros/rosplan_knowledge_msgs/srv/_package_GetDomainTypeService.lisp
Symlinking /home/jylee/jylee/ROSPlan/devel/share/common-lisp/ros/rosplan_knowledge_msgs/srv/_package_GetAttributeService.lisp
Symlinking /home/jylee/jylee/ROSPlan/devel/share/common-lisp/ros/rosplan_knowledge_msgs/srv/_package_KnowledgeUpdateServiceArray.lisp
Symlinking /home/jylee/jylee/ROSPlan/devel/share/common-lisp/ros/rosplan_knowledge_msgs/srv/_package_GetDomainOperatorService.lisp
Symlinking /home/jylee/jylee/ROSPlan/devel/share/common-lisp/ros/rosplan_knowledge_msgs/srv/KnowledgeQueryService.lisp
Symlinking /home/jylee/jylee/ROSPlan/devel/share/common-lisp/ros/rosplan_knowledge_msgs/srv/_package_RemoveWaypoint.lisp
Symlinking /home/jylee/jylee/ROSPlan/devel/share/common-lisp/ros/rosplan_knowledge_msgs/srv/GetDomainOperatorService.lisp
Symlinking /home/jylee/jylee/ROSPlan/devel/share/common-lisp/ros/rosplan_knowledge_msgs/srv/GetDomainOperatorDetailsService.lisp
Symlinking /home/jylee/jylee/ROSPlan/devel/share/common-lisp/ros/rosplan_knowledge_msgs/srv/_package_GetMetricService.lisp
Symlinking /home/jylee/jylee/ROSPlan/devel/share/common-lisp/ros/rosplan_knowledge_msgs/srv/KnowledgeUpdateServiceArray.lisp
Symlinking /home/jylee/jylee/ROSPlan/devel/share/common-lisp/ros/rosplan_knowledge_msgs/srv/_package.lisp
Symlinking /home/jylee/jylee/ROSPlan/devel/share/common-lisp/ros/rosplan_knowledge_msgs/srv/_package_KnowledgeQueryService.lisp
Symlinking /home/jylee/jylee/ROSPlan/devel/share/common-lisp/ros/rosplan_knowledge_msgs/srv/GetMetricService.lisp
Symlinking /home/jylee/jylee/ROSPlan/devel/share/common-lisp/ros/rosplan_knowledge_msgs/srv/GetDomainTypeService.lisp
Symlinking /home/jylee/jylee/ROSPlan/devel/share/common-lisp/ros/rosplan_knowledge_msgs/srv/_package_GetInstanceService.lisp
Symlinking /home/jylee/jylee/ROSPlan/devel/share/common-lisp/ros/rosplan_knowledge_msgs/srv/_package_GetDomainOperatorDetailsService.lisp
Symlinking /home/jylee/jylee/ROSPlan/devel/share/common-lisp/ros/rosplan_knowledge_msgs/srv/AddWaypoint.lisp
Symlinking /home/jylee/jylee/ROSPlan/devel/share/common-lisp/ros/rosplan_knowledge_msgs/srv/_package_GetDomainPredicateDetailsService.lisp
Symlinking /home/jylee/jylee/ROSPlan/devel/share/common-lisp/ros/rosplan_knowledge_msgs/srv/_package_GetDomainAttributeService.lisp
Symlinking /home/jylee/jylee/ROSPlan/devel/share/common-lisp/ros/rosplan_knowledge_msgs/srv/_package_AddWaypoint.lisp
Symlinking /home/jylee/jylee/ROSPlan/devel/share/common-lisp/ros/rosplan_knowledge_msgs/srv/GenerateProblemService.lisp
Symlinking /home/jylee/jylee/ROSPlan/devel/share/common-lisp/ros/rosplan_knowledge_msgs/srv/rosplan_knowledge_msgs-srv.asd
Symlinking /home/jylee/jylee/ROSPlan/devel/share/common-lisp/ros/rosplan_knowledge_msgs/srv/_package_GenerateProblemService.lisp
Symlinking /home/jylee/jylee/ROSPlan/devel/share/common-lisp/ros/rosplan_knowledge_msgs/srv/GetInstanceService.lisp
Symlinking /home/jylee/jylee/ROSPlan/devel/share/common-lisp/ros/rosplan_knowledge_msgs/srv/RemoveWaypoint.lisp
Symlinking /home/jylee/jylee/ROSPlan/devel/share/common-lisp/ros/rosplan_knowledge_msgs/srv/GetDomainAttributeService.lisp
Symlinking /home/jylee/jylee/ROSPlan/devel/share/common-lisp/ros/rosplan_knowledge_msgs/srv/_package_CreatePRM.lisp
Symlinking /home/jylee/jylee/ROSPlan/devel/share/common-lisp/ros/rosplan_knowledge_msgs/srv/CreatePRM.lisp
Symlinking /home/jylee/jylee/ROSPlan/devel/share/common-lisp/ros/rosplan_knowledge_msgs/msg/rosplan_knowledge_msgs-msg.asd
Symlinking /home/jylee/jylee/ROSPlan/devel/share/common-lisp/ros/rosplan_knowledge_msgs/msg/ExprBase.lisp
Symlinking /home/jylee/jylee/ROSPlan/devel/share/common-lisp/ros/rosplan_knowledge_msgs/msg/_package_DomainAssignment.lisp
Symlinking /home/jylee/jylee/ROSPlan/devel/share/common-lisp/ros/rosplan_knowledge_msgs/msg/ExprComposite.lisp
Symlinking /home/jylee/jylee/ROSPlan/devel/share/common-lisp/ros/rosplan_knowledge_msgs/msg/_package_ExprBase.lisp
Symlinking /home/jylee/jylee/ROSPlan/devel/share/common-lisp/ros/rosplan_knowledge_msgs/msg/_package_KnowledgeItem.lisp
Symlinking /home/jylee/jylee/ROSPlan/devel/share/common-lisp/ros/rosplan_knowledge_msgs/msg/DomainOperator.lisp
Symlinking /home/jylee/jylee/ROSPlan/devel/share/common-lisp/ros/rosplan_knowledge_msgs/msg/KnowledgeItem.lisp
Symlinking /home/jylee/jylee/ROSPlan/devel/share/common-lisp/ros/rosplan_knowledge_msgs/msg/DomainFormula.lisp
Symlinking /home/jylee/jylee/ROSPlan/devel/share/common-lisp/ros/rosplan_knowledge_msgs/msg/_package_DomainFormula.lisp
Symlinking /home/jylee/jylee/ROSPlan/devel/share/common-lisp/ros/rosplan_knowledge_msgs/msg/_package.lisp
Symlinking /home/jylee/jylee/ROSPlan/devel/share/common-lisp/ros/rosplan_knowledge_msgs/msg/_package_DomainInequality.lisp
Symlinking /home/jylee/jylee/ROSPlan/devel/share/common-lisp/ros/rosplan_knowledge_msgs/msg/DomainInequality.lisp
Symlinking /home/jylee/jylee/ROSPlan/devel/share/common-lisp/ros/rosplan_knowledge_msgs/msg/DomainAssignment.lisp
Symlinking /home/jylee/jylee/ROSPlan/devel/share/common-lisp/ros/rosplan_knowledge_msgs/msg/_package_ExprComposite.lisp
Symlinking /home/jylee/jylee/ROSPlan/devel/share/common-lisp/ros/rosplan_knowledge_msgs/msg/_package_DomainOperator.lisp
Symlinking /home/jylee/jylee/ROSPlan/devel/share/gennodejs/ros/rosplan_knowledge_msgs/_index.js
Symlinking /home/jylee/jylee/ROSPlan/devel/share/gennodejs/ros/rosplan_knowledge_msgs/srv/GetDomainPredicateDetailsService.js
Symlinking /home/jylee/jylee/ROSPlan/devel/share/gennodejs/ros/rosplan_knowledge_msgs/srv/AddWaypoint.js
Symlinking /home/jylee/jylee/ROSPlan/devel/share/gennodejs/ros/rosplan_knowledge_msgs/srv/RemoveWaypoint.js
Symlinking /home/jylee/jylee/ROSPlan/devel/share/gennodejs/ros/rosplan_knowledge_msgs/srv/KnowledgeQueryService.js
Symlinking /home/jylee/jylee/ROSPlan/devel/share/gennodejs/ros/rosplan_knowledge_msgs/srv/KnowledgeUpdateService.js
Symlinking /home/jylee/jylee/ROSPlan/devel/share/gennodejs/ros/rosplan_knowledge_msgs/srv/KnowledgeUpdateServiceArray.js
Symlinking /home/jylee/jylee/ROSPlan/devel/share/gennodejs/ros/rosplan_knowledge_msgs/srv/CreatePRM.js
Symlinking /home/jylee/jylee/ROSPlan/devel/share/gennodejs/ros/rosplan_knowledge_msgs/srv/GetDomainNameService.js
Symlinking /home/jylee/jylee/ROSPlan/devel/share/gennodejs/ros/rosplan_knowledge_msgs/srv/GetInstanceService.js
Symlinking /home/jylee/jylee/ROSPlan/devel/share/gennodejs/ros/rosplan_knowledge_msgs/srv/GetDomainOperatorService.js
Symlinking /home/jylee/jylee/ROSPlan/devel/share/gennodejs/ros/rosplan_knowledge_msgs/srv/GetMetricService.js
Symlinking /home/jylee/jylee/ROSPlan/devel/share/gennodejs/ros/rosplan_knowledge_msgs/srv/GenerateProblemService.js
Symlinking /home/jylee/jylee/ROSPlan/devel/share/gennodejs/ros/rosplan_knowledge_msgs/srv/GetDomainOperatorDetailsService.js
Symlinking /home/jylee/jylee/ROSPlan/devel/share/gennodejs/ros/rosplan_knowledge_msgs/srv/GetAttributeService.js
Symlinking /home/jylee/jylee/ROSPlan/devel/share/gennodejs/ros/rosplan_knowledge_msgs/srv/GetDomainTypeService.js
Symlinking /home/jylee/jylee/ROSPlan/devel/share/gennodejs/ros/rosplan_knowledge_msgs/srv/GetDomainAttributeService.js
Symlinking /home/jylee/jylee/ROSPlan/devel/share/gennodejs/ros/rosplan_knowledge_msgs/srv/_index.js
Symlinking /home/jylee/jylee/ROSPlan/devel/share/gennodejs/ros/rosplan_knowledge_msgs/msg/ExprBase.js
Symlinking /home/jylee/jylee/ROSPlan/devel/share/gennodejs/ros/rosplan_knowledge_msgs/msg/KnowledgeItem.js
Symlinking /home/jylee/jylee/ROSPlan/devel/share/gennodejs/ros/rosplan_knowledge_msgs/msg/DomainInequality.js
Symlinking /home/jylee/jylee/ROSPlan/devel/share/gennodejs/ros/rosplan_knowledge_msgs/msg/DomainOperator.js
Symlinking /home/jylee/jylee/ROSPlan/devel/share/gennodejs/ros/rosplan_knowledge_msgs/msg/DomainFormula.js
Symlinking /home/jylee/jylee/ROSPlan/devel/share/gennodejs/ros/rosplan_knowledge_msgs/msg/DomainAssignment.js
Symlinking /home/jylee/jylee/ROSPlan/devel/share/gennodejs/ros/rosplan_knowledge_msgs/msg/ExprComposite.js
Symlinking /home/jylee/jylee/ROSPlan/devel/share/gennodejs/ros/rosplan_knowledge_msgs/msg/_index.js
Symlinking /home/jylee/jylee/ROSPlan/devel/share/rosplan_knowledge_msgs/cmake/rosplan_knowledge_msgs-msg-paths.cmake
Symlinking /home/jylee/jylee/ROSPlan/devel/share/rosplan_knowledge_msgs/cmake/rosplan_knowledge_msgsConfig-version.cmake
Symlinking /home/jylee/jylee/ROSPlan/devel/share/rosplan_knowledge_msgs/cmake/rosplan_knowledge_msgsConfig.cmake
Symlinking /home/jylee/jylee/ROSPlan/devel/share/rosplan_knowledge_msgs/cmake/rosplan_knowledge_msgs-msg-extras.cmake
Symlinking /home/jylee/jylee/ROSPlan/devel/share/roseus/ros/rosplan_knowledge_msgs/manifest.l
Symlinking /home/jylee/jylee/ROSPlan/devel/share/roseus/ros/rosplan_knowledge_msgs/srv/GetDomainTypeService.l
Symlinking /home/jylee/jylee/ROSPlan/devel/share/roseus/ros/rosplan_knowledge_msgs/srv/RemoveWaypoint.l
Symlinking /home/jylee/jylee/ROSPlan/devel/share/roseus/ros/rosplan_knowledge_msgs/srv/KnowledgeUpdateServiceArray.l
Symlinking /home/jylee/jylee/ROSPlan/devel/share/roseus/ros/rosplan_knowledge_msgs/srv/KnowledgeQueryService.l
Symlinking /home/jylee/jylee/ROSPlan/devel/share/roseus/ros/rosplan_knowledge_msgs/srv/GetInstanceService.l
Symlinking /home/jylee/jylee/ROSPlan/devel/share/roseus/ros/rosplan_knowledge_msgs/srv/GenerateProblemService.l
Symlinking /home/jylee/jylee/ROSPlan/devel/share/roseus/ros/rosplan_knowledge_msgs/srv/GetDomainOperatorService.l
Symlinking /home/jylee/jylee/ROSPlan/devel/share/roseus/ros/rosplan_knowledge_msgs/srv/GetAttributeService.l
Symlinking /home/jylee/jylee/ROSPlan/devel/share/roseus/ros/rosplan_knowledge_msgs/srv/GetDomainNameService.l
Symlinking /home/jylee/jylee/ROSPlan/devel/share/roseus/ros/rosplan_knowledge_msgs/srv/AddWaypoint.l
Symlinking /home/jylee/jylee/ROSPlan/devel/share/roseus/ros/rosplan_knowledge_msgs/srv/KnowledgeUpdateService.l
Symlinking /home/jylee/jylee/ROSPlan/devel/share/roseus/ros/rosplan_knowledge_msgs/srv/GetDomainAttributeService.l
Symlinking /home/jylee/jylee/ROSPlan/devel/share/roseus/ros/rosplan_knowledge_msgs/srv/GetMetricService.l
Symlinking /home/jylee/jylee/ROSPlan/devel/share/roseus/ros/rosplan_knowledge_msgs/srv/CreatePRM.l
Symlinking /home/jylee/jylee/ROSPlan/devel/share/roseus/ros/rosplan_knowledge_msgs/srv/GetDomainPredicateDetailsService.l
Symlinking /home/jylee/jylee/ROSPlan/devel/share/roseus/ros/rosplan_knowledge_msgs/srv/GetDomainOperatorDetailsService.l
Symlinking /home/jylee/jylee/ROSPlan/devel/share/roseus/ros/rosplan_knowledge_msgs/msg/ExprBase.l
Symlinking /home/jylee/jylee/ROSPlan/devel/share/roseus/ros/rosplan_knowledge_msgs/msg/KnowledgeItem.l
Symlinking /home/jylee/jylee/ROSPlan/devel/share/roseus/ros/rosplan_knowledge_msgs/msg/DomainOperator.l
Symlinking /home/jylee/jylee/ROSPlan/devel/share/roseus/ros/rosplan_knowledge_msgs/msg/DomainAssignment.l
Symlinking /home/jylee/jylee/ROSPlan/devel/share/roseus/ros/rosplan_knowledge_msgs/msg/DomainInequality.l
Symlinking /home/jylee/jylee/ROSPlan/devel/share/roseus/ros/rosplan_knowledge_msgs/msg/DomainFormula.l
Symlinking /home/jylee/jylee/ROSPlan/devel/share/roseus/ros/rosplan_knowledge_msgs/msg/ExprComposite.l
Symlinking /home/jylee/jylee/ROSPlan/devel/include/rosplan_knowledge_msgs/GetAttributeServiceRequest.h
Symlinking /home/jylee/jylee/ROSPlan/devel/include/rosplan_knowledge_msgs/RemoveWaypoint.h
Symlinking /home/jylee/jylee/ROSPlan/devel/include/rosplan_knowledge_msgs/GetDomainOperatorService.h
Symlinking /home/jylee/jylee/ROSPlan/devel/include/rosplan_knowledge_msgs/GetDomainTypeService.h
Symlinking /home/jylee/jylee/ROSPlan/devel/include/rosplan_knowledge_msgs/GetDomainOperatorServiceRequest.h
Symlinking /home/jylee/jylee/ROSPlan/devel/include/rosplan_knowledge_msgs/DomainOperator.h
Symlinking /home/jylee/jylee/ROSPlan/devel/include/rosplan_knowledge_msgs/GetDomainOperatorDetailsServiceRequest.h
Symlinking /home/jylee/jylee/ROSPlan/devel/include/rosplan_knowledge_msgs/ExprBase.h
Symlinking /home/jylee/jylee/ROSPlan/devel/include/rosplan_knowledge_msgs/RemoveWaypointResponse.h
Symlinking /home/jylee/jylee/ROSPlan/devel/include/rosplan_knowledge_msgs/CreatePRMRequest.h
Symlinking /home/jylee/jylee/ROSPlan/devel/include/rosplan_knowledge_msgs/GetDomainTypeServiceResponse.h
Symlinking /home/jylee/jylee/ROSPlan/devel/include/rosplan_knowledge_msgs/DomainAssignment.h
Symlinking /home/jylee/jylee/ROSPlan/devel/include/rosplan_knowledge_msgs/AddWaypointResponse.h
Symlinking /home/jylee/jylee/ROSPlan/devel/include/rosplan_knowledge_msgs/KnowledgeUpdateServiceResponse.h
Symlinking /home/jylee/jylee/ROSPlan/devel/include/rosplan_knowledge_msgs/KnowledgeUpdateServiceArray.h
Symlinking /home/jylee/jylee/ROSPlan/devel/include/rosplan_knowledge_msgs/RemoveWaypointRequest.h
Symlinking /home/jylee/jylee/ROSPlan/devel/include/rosplan_knowledge_msgs/GetInstanceService.h
Symlinking /home/jylee/jylee/ROSPlan/devel/include/rosplan_knowledge_msgs/GenerateProblemService.h
Symlinking /home/jylee/jylee/ROSPlan/devel/include/rosplan_knowledge_msgs/DomainFormula.h
Symlinking /home/jylee/jylee/ROSPlan/devel/include/rosplan_knowledge_msgs/GetInstanceServiceResponse.h
Symlinking /home/jylee/jylee/ROSPlan/devel/include/rosplan_knowledge_msgs/GetDomainPredicateDetailsServiceRequest.h
Symlinking /home/jylee/jylee/ROSPlan/devel/include/rosplan_knowledge_msgs/CreatePRM.h
Symlinking /home/jylee/jylee/ROSPlan/devel/include/rosplan_knowledge_msgs/GetMetricServiceRequest.h
Symlinking /home/jylee/jylee/ROSPlan/devel/include/rosplan_knowledge_msgs/GetMetricServiceResponse.h
Symlinking /home/jylee/jylee/ROSPlan/devel/include/rosplan_knowledge_msgs/KnowledgeUpdateServiceArrayRequest.h
Symlinking /home/jylee/jylee/ROSPlan/devel/include/rosplan_knowledge_msgs/GetDomainOperatorServiceResponse.h
Symlinking /home/jylee/jylee/ROSPlan/devel/include/rosplan_knowledge_msgs/KnowledgeQueryServiceRequest.h
Symlinking /home/jylee/jylee/ROSPlan/devel/include/rosplan_knowledge_msgs/AddWaypointRequest.h
Symlinking /home/jylee/jylee/ROSPlan/devel/include/rosplan_knowledge_msgs/GetDomainOperatorDetailsServiceResponse.h
Symlinking /home/jylee/jylee/ROSPlan/devel/include/rosplan_knowledge_msgs/GetDomainNameServiceResponse.h
Symlinking /home/jylee/jylee/ROSPlan/devel/include/rosplan_knowledge_msgs/KnowledgeQueryServiceResponse.h
Symlinking /home/jylee/jylee/ROSPlan/devel/include/rosplan_knowledge_msgs/GetMetricService.h
Symlinking /home/jylee/jylee/ROSPlan/devel/include/rosplan_knowledge_msgs/GenerateProblemServiceResponse.h
Symlinking /home/jylee/jylee/ROSPlan/devel/include/rosplan_knowledge_msgs/GetDomainTypeServiceRequest.h
Symlinking /home/jylee/jylee/ROSPlan/devel/include/rosplan_knowledge_msgs/GetDomainNameServiceRequest.h
Symlinking /home/jylee/jylee/ROSPlan/devel/include/rosplan_knowledge_msgs/GetDomainAttributeService.h
Symlinking /home/jylee/jylee/ROSPlan/devel/include/rosplan_knowledge_msgs/GetDomainPredicateDetailsServiceResponse.h
Symlinking /home/jylee/jylee/ROSPlan/devel/include/rosplan_knowledge_msgs/GetDomainPredicateDetailsService.h
Symlinking /home/jylee/jylee/ROSPlan/devel/include/rosplan_knowledge_msgs/GenerateProblemServiceRequest.h
Symlinking /home/jylee/jylee/ROSPlan/devel/include/rosplan_knowledge_msgs/GetInstanceServiceRequest.h
Symlinking /home/jylee/jylee/ROSPlan/devel/include/rosplan_knowledge_msgs/DomainInequality.h
Symlinking /home/jylee/jylee/ROSPlan/devel/include/rosplan_knowledge_msgs/GetAttributeService.h
Symlinking /home/jylee/jylee/ROSPlan/devel/include/rosplan_knowledge_msgs/GetAttributeServiceResponse.h
Symlinking /home/jylee/jylee/ROSPlan/devel/include/rosplan_knowledge_msgs/KnowledgeItem.h
Symlinking /home/jylee/jylee/ROSPlan/devel/include/rosplan_knowledge_msgs/KnowledgeUpdateServiceRequest.h
Symlinking /home/jylee/jylee/ROSPlan/devel/include/rosplan_knowledge_msgs/ExprComposite.h
Symlinking /home/jylee/jylee/ROSPlan/devel/include/rosplan_knowledge_msgs/AddWaypoint.h
Symlinking /home/jylee/jylee/ROSPlan/devel/include/rosplan_knowledge_msgs/GetDomainAttributeServiceRequest.h
Symlinking /home/jylee/jylee/ROSPlan/devel/include/rosplan_knowledge_msgs/CreatePRMResponse.h
Symlinking /home/jylee/jylee/ROSPlan/devel/include/rosplan_knowledge_msgs/KnowledgeQueryService.h
Symlinking /home/jylee/jylee/ROSPlan/devel/include/rosplan_knowledge_msgs/KnowledgeUpdateServiceArrayResponse.h
Symlinking /home/jylee/jylee/ROSPlan/devel/include/rosplan_knowledge_msgs/GetDomainAttributeServiceResponse.h
Symlinking /home/jylee/jylee/ROSPlan/devel/include/rosplan_knowledge_msgs/GetDomainNameService.h
Symlinking /home/jylee/jylee/ROSPlan/devel/include/rosplan_knowledge_msgs/GetDomainOperatorDetailsService.h
Symlinking /home/jylee/jylee/ROSPlan/devel/include/rosplan_knowledge_msgs/KnowledgeUpdateService.h
Symlinking /home/jylee/jylee/ROSPlan/devel/lib/pkgconfig/rosplan_knowledge_msgs.pc
Symlinking /home/jylee/jylee/ROSPlan/devel/lib/python2.7/dist-packages/rosplan_knowledge_msgs/__init__.py
Symlinking /home/jylee/jylee/ROSPlan/devel/lib/python2.7/dist-packages/rosplan_knowledge_msgs/srv/_GetDomainPredicateDetailsService.py
Symlinking /home/jylee/jylee/ROSPlan/devel/lib/python2.7/dist-packages/rosplan_knowledge_msgs/srv/_AddWaypoint.py
Symlinking /home/jylee/jylee/ROSPlan/devel/lib/python2.7/dist-packages/rosplan_knowledge_msgs/srv/_GetInstanceService.py
Symlinking /home/jylee/jylee/ROSPlan/devel/lib/python2.7/dist-packages/rosplan_knowledge_msgs/srv/_GetDomainOperatorDetailsService.py
Symlinking /home/jylee/jylee/ROSPlan/devel/lib/python2.7/dist-packages/rosplan_knowledge_msgs/srv/_GetDomainNameService.py
Symlinking /home/jylee/jylee/ROSPlan/devel/lib/python2.7/dist-packages/rosplan_knowledge_msgs/srv/_KnowledgeUpdateService.py
Symlinking /home/jylee/jylee/ROSPlan/devel/lib/python2.7/dist-packages/rosplan_knowledge_msgs/srv/_RemoveWaypoint.py
Symlinking /home/jylee/jylee/ROSPlan/devel/lib/python2.7/dist-packages/rosplan_knowledge_msgs/srv/_GetDomainTypeService.py
Symlinking /home/jylee/jylee/ROSPlan/devel/lib/python2.7/dist-packages/rosplan_knowledge_msgs/srv/_GetDomainAttributeService.py
Symlinking /home/jylee/jylee/ROSPlan/devel/lib/python2.7/dist-packages/rosplan_knowledge_msgs/srv/_GetMetricService.py
Symlinking /home/jylee/jylee/ROSPlan/devel/lib/python2.7/dist-packages/rosplan_knowledge_msgs/srv/_GenerateProblemService.py
Symlinking /home/jylee/jylee/ROSPlan/devel/lib/python2.7/dist-packages/rosplan_knowledge_msgs/srv/_KnowledgeUpdateServiceArray.py
Symlinking /home/jylee/jylee/ROSPlan/devel/lib/python2.7/dist-packages/rosplan_knowledge_msgs/srv/__init__.py
Symlinking /home/jylee/jylee/ROSPlan/devel/lib/python2.7/dist-packages/rosplan_knowledge_msgs/srv/_GetDomainOperatorService.py
Symlinking /home/jylee/jylee/ROSPlan/devel/lib/python2.7/dist-packages/rosplan_knowledge_msgs/srv/_GetAttributeService.py
Symlinking /home/jylee/jylee/ROSPlan/devel/lib/python2.7/dist-packages/rosplan_knowledge_msgs/srv/_CreatePRM.py
Symlinking /home/jylee/jylee/ROSPlan/devel/lib/python2.7/dist-packages/rosplan_knowledge_msgs/srv/_KnowledgeQueryService.py
Symlinking /home/jylee/jylee/ROSPlan/devel/lib/python2.7/dist-packages/rosplan_knowledge_msgs/msg/_ExprBase.py
Symlinking /home/jylee/jylee/ROSPlan/devel/lib/python2.7/dist-packages/rosplan_knowledge_msgs/msg/_ExprComposite.py
Symlinking /home/jylee/jylee/ROSPlan/devel/lib/python2.7/dist-packages/rosplan_knowledge_msgs/msg/_DomainInequality.py
Symlinking /home/jylee/jylee/ROSPlan/devel/lib/python2.7/dist-packages/rosplan_knowledge_msgs/msg/_DomainAssignment.py
Symlinking /home/jylee/jylee/ROSPlan/devel/lib/python2.7/dist-packages/rosplan_knowledge_msgs/msg/__init__.py
Symlinking /home/jylee/jylee/ROSPlan/devel/lib/python2.7/dist-packages/rosplan_knowledge_msgs/msg/_KnowledgeItem.py
Symlinking /home/jylee/jylee/ROSPlan/devel/lib/python2.7/dist-packages/rosplan_knowledge_msgs/msg/_DomainFormula.py
Symlinking /home/jylee/jylee/ROSPlan/devel/lib/python2.7/dist-packages/rosplan_knowledge_msgs/msg/_DomainOperator.py
