[  0%] Built target geometry_msgs_generate_messages_cpp
[  0%] Built target _rosplan_knowledge_msgs_generate_messages_check_deps_GetDomainOperatorService
[  0%] Built target _rosplan_knowledge_msgs_generate_messages_check_deps_DomainFormula
[  0%] Built target _rosplan_knowledge_msgs_generate_messages_check_deps_ExprComposite
[  0%] Built target _rosplan_knowledge_msgs_generate_messages_check_deps_AddWaypoint
[  0%] Built target _rosplan_knowledge_msgs_generate_messages_check_deps_GetAttributeService
[  0%] Built target _rosplan_knowledge_msgs_generate_messages_check_deps_GetDomainOperatorDetailsService
[  0%] Built target _rosplan_knowledge_msgs_generate_messages_check_deps_GetDomainAttributeService
[  0%] Built target _rosplan_knowledge_msgs_generate_messages_check_deps_DomainAssignment
[  0%] Built target _rosplan_knowledge_msgs_generate_messages_check_deps_CreatePRM
[  0%] Built target _rosplan_knowledge_msgs_generate_messages_check_deps_GenerateProblemService
[  0%] Built target _rosplan_knowledge_msgs_generate_messages_check_deps_GetDomainTypeService
[  0%] Built target _rosplan_knowledge_msgs_generate_messages_check_deps_KnowledgeItem
[  0%] Built target _rosplan_knowledge_msgs_generate_messages_check_deps_ExprBase
[  0%] Built target _rosplan_knowledge_msgs_generate_messages_check_deps_KnowledgeUpdateServiceArray
[  0%] Built target _rosplan_knowledge_msgs_generate_messages_check_deps_DomainInequality
[  0%] Built target diagnostic_msgs_generate_messages_cpp
[  0%] Built target _rosplan_knowledge_msgs_generate_messages_check_deps_GetMetricService
[  0%] Built target _rosplan_knowledge_msgs_generate_messages_check_deps_GetDomainNameService
[  0%] Built target std_msgs_generate_messages_cpp
[  0%] Built target _rosplan_knowledge_msgs_generate_messages_check_deps_RemoveWaypoint
[  0%] Built target _rosplan_knowledge_msgs_generate_messages_check_deps_KnowledgeQueryService
[  0%] Built target _rosplan_knowledge_msgs_generate_messages_check_deps_DomainOperator
[  0%] Built target _rosplan_knowledge_msgs_generate_messages_check_deps_GetInstanceService
[  0%] Built target _rosplan_knowledge_msgs_generate_messages_check_deps_GetDomainPredicateDetailsService
[  0%] Built target geometry_msgs_generate_messages_lisp
[  0%] Built target std_msgs_generate_messages_lisp
[  0%] Built target _rosplan_knowledge_msgs_generate_messages_check_deps_KnowledgeUpdateService
[  0%] Built target diagnostic_msgs_generate_messages_lisp
[  0%] Built target diagnostic_msgs_generate_messages_eus
[  0%] Built target std_msgs_generate_messages_eus
[  0%] Built target geometry_msgs_generate_messages_eus
[  0%] Built target geometry_msgs_generate_messages_py
[  0%] Built target diagnostic_msgs_generate_messages_py
[  0%] Built target std_msgs_generate_messages_py
[  0%] Built target std_msgs_generate_messages_nodejs
[  0%] Built target diagnostic_msgs_generate_messages_nodejs
[  0%] Built target geometry_msgs_generate_messages_nodejs
[ 19%] Built target rosplan_knowledge_msgs_generate_messages_cpp
[ 39%] Built target rosplan_knowledge_msgs_generate_messages_lisp
[ 58%] Built target rosplan_knowledge_msgs_generate_messages_eus
[ 80%] Built target rosplan_knowledge_msgs_generate_messages_py
[100%] Built target rosplan_knowledge_msgs_generate_messages_nodejs
[100%] Built target rosplan_knowledge_msgs_generate_messages
