Determining if the pthread_create exist failed with the following output:
Change Dir: /home/jylee/jylee/ROSPlan/build/Display/CMakeFiles/CMakeTmp

Run Build Command:"/usr/bin/make" "cmTC_e89bb/fast"
/usr/bin/make -f CMakeFiles/cmTC_e89bb.dir/build.make CMakeFiles/cmTC_e89bb.dir/build
make[1]: Entering directory '/home/jylee/jylee/ROSPlan/build/Display/CMakeFiles/CMakeTmp'
Building C object CMakeFiles/cmTC_e89bb.dir/CheckSymbolExists.c.o
/usr/bin/cc    -o CMakeFiles/cmTC_e89bb.dir/CheckSymbolExists.c.o   -c /home/jylee/jylee/ROSPlan/build/Display/CMakeFiles/CMakeTmp/CheckSymbolExists.c
Linking C executable cmTC_e89bb
/usr/bin/cmake -E cmake_link_script CMakeFiles/cmTC_e89bb.dir/link.txt --verbose=1
/usr/bin/cc      -rdynamic CMakeFiles/cmTC_e89bb.dir/CheckSymbolExists.c.o  -o cmTC_e89bb 
CMakeFiles/cmTC_e89bb.dir/CheckSymbolExists.c.o: In function `main':
CheckSymbolExists.c:(.text+0x1b): undefined reference to `pthread_create'
collect2: error: ld returned 1 exit status
CMakeFiles/cmTC_e89bb.dir/build.make:97: recipe for target 'cmTC_e89bb' failed
make[1]: *** [cmTC_e89bb] Error 1
make[1]: Leaving directory '/home/jylee/jylee/ROSPlan/build/Display/CMakeFiles/CMakeTmp'
Makefile:126: recipe for target 'cmTC_e89bb/fast' failed
make: *** [cmTC_e89bb/fast] Error 2

File /home/jylee/jylee/ROSPlan/build/Display/CMakeFiles/CMakeTmp/CheckSymbolExists.c:
/* */
#include <pthread.h>

int main(int argc, char** argv)
{
  (void)argv;
#ifndef pthread_create
  return ((int*)(&pthread_create))[argc];
#else
  (void)argc;
  return 0;
#endif
}

Determining if the function pthread_create exists in the pthreads failed with the following output:
Change Dir: /home/jylee/jylee/ROSPlan/build/Display/CMakeFiles/CMakeTmp

Run Build Command:"/usr/bin/make" "cmTC_83b8d/fast"
/usr/bin/make -f CMakeFiles/cmTC_83b8d.dir/build.make CMakeFiles/cmTC_83b8d.dir/build
make[1]: Entering directory '/home/jylee/jylee/ROSPlan/build/Display/CMakeFiles/CMakeTmp'
Building C object CMakeFiles/cmTC_83b8d.dir/CheckFunctionExists.c.o
/usr/bin/cc   -DCHECK_FUNCTION_EXISTS=pthread_create   -o CMakeFiles/cmTC_83b8d.dir/CheckFunctionExists.c.o   -c /usr/share/cmake-3.10/Modules/CheckFunctionExists.c
Linking C executable cmTC_83b8d
/usr/bin/cmake -E cmake_link_script CMakeFiles/cmTC_83b8d.dir/link.txt --verbose=1
/usr/bin/cc  -DCHECK_FUNCTION_EXISTS=pthread_create    -rdynamic CMakeFiles/cmTC_83b8d.dir/CheckFunctionExists.c.o  -o cmTC_83b8d -lpthreads 
/usr/bin/ld: cannot find -lpthreads
collect2: error: ld returned 1 exit status
CMakeFiles/cmTC_83b8d.dir/build.make:97: recipe for target 'cmTC_83b8d' failed
make[1]: *** [cmTC_83b8d] Error 1
make[1]: Leaving directory '/home/jylee/jylee/ROSPlan/build/Display/CMakeFiles/CMakeTmp'
Makefile:126: recipe for target 'cmTC_83b8d/fast' failed
make: *** [cmTC_83b8d/fast] Error 2


