Linked: (/home/jylee/jylee/ROSPlan/devel/.private/rosplan_dispatch_msgs/share/common-lisp/ros/rosplan_dispatch_msgs/srv/rosplan_dispatch_msgs-srv.asd, /home/jylee/jylee/ROSPlan/devel/share/common-lisp/ros/rosplan_dispatch_msgs/srv/rosplan_dispatch_msgs-srv.asd)
Linked: (/home/jylee/jylee/ROSPlan/devel/.private/rosplan_dispatch_msgs/share/common-lisp/ros/rosplan_dispatch_msgs/srv/PlanningService.lisp, /home/jylee/jylee/ROSPlan/devel/share/common-lisp/ros/rosplan_dispatch_msgs/srv/PlanningService.lisp)
Linked: (/home/jylee/jylee/ROSPlan/devel/.private/rosplan_dispatch_msgs/share/common-lisp/ros/rosplan_dispatch_msgs/srv/ProblemService.lisp, /home/jylee/jylee/ROSPlan/devel/share/common-lisp/ros/rosplan_dispatch_msgs/srv/ProblemService.lisp)
Linked: (/home/jylee/jylee/ROSPlan/devel/.private/rosplan_dispatch_msgs/share/common-lisp/ros/rosplan_dispatch_msgs/srv/_package_ParsingService.lisp, /home/jylee/jylee/ROSPlan/devel/share/common-lisp/ros/rosplan_dispatch_msgs/srv/_package_ParsingService.lisp)
Linked: (/home/jylee/jylee/ROSPlan/devel/.private/rosplan_dispatch_msgs/share/common-lisp/ros/rosplan_dispatch_msgs/srv/_package_ProblemService.lisp, /home/jylee/jylee/ROSPlan/devel/share/common-lisp/ros/rosplan_dispatch_msgs/srv/_package_ProblemService.lisp)
Linked: (/home/jylee/jylee/ROSPlan/devel/.private/rosplan_dispatch_msgs/share/common-lisp/ros/rosplan_dispatch_msgs/srv/_package.lisp, /home/jylee/jylee/ROSPlan/devel/share/common-lisp/ros/rosplan_dispatch_msgs/srv/_package.lisp)
Linked: (/home/jylee/jylee/ROSPlan/devel/.private/rosplan_dispatch_msgs/share/common-lisp/ros/rosplan_dispatch_msgs/srv/_package_PlanningService.lisp, /home/jylee/jylee/ROSPlan/devel/share/common-lisp/ros/rosplan_dispatch_msgs/srv/_package_PlanningService.lisp)
Linked: (/home/jylee/jylee/ROSPlan/devel/.private/rosplan_dispatch_msgs/share/common-lisp/ros/rosplan_dispatch_msgs/srv/ParsingService.lisp, /home/jylee/jylee/ROSPlan/devel/share/common-lisp/ros/rosplan_dispatch_msgs/srv/ParsingService.lisp)
Linked: (/home/jylee/jylee/ROSPlan/devel/.private/rosplan_dispatch_msgs/share/common-lisp/ros/rosplan_dispatch_msgs/msg/_package_PlanActionFeedback.lisp, /home/jylee/jylee/ROSPlan/devel/share/common-lisp/ros/rosplan_dispatch_msgs/msg/_package_PlanActionFeedback.lisp)
Linked: (/home/jylee/jylee/ROSPlan/devel/.private/rosplan_dispatch_msgs/share/common-lisp/ros/rosplan_dispatch_msgs/msg/PlanActionFeedback.lisp, /home/jylee/jylee/ROSPlan/devel/share/common-lisp/ros/rosplan_dispatch_msgs/msg/PlanActionFeedback.lisp)
Linked: (/home/jylee/jylee/ROSPlan/devel/.private/rosplan_dispatch_msgs/share/common-lisp/ros/rosplan_dispatch_msgs/msg/_package_EsterelPlanEdge.lisp, /home/jylee/jylee/ROSPlan/devel/share/common-lisp/ros/rosplan_dispatch_msgs/msg/_package_EsterelPlanEdge.lisp)
Linked: (/home/jylee/jylee/ROSPlan/devel/.private/rosplan_dispatch_msgs/share/common-lisp/ros/rosplan_dispatch_msgs/msg/_package_PlanAction.lisp, /home/jylee/jylee/ROSPlan/devel/share/common-lisp/ros/rosplan_dispatch_msgs/msg/_package_PlanAction.lisp)
Linked: (/home/jylee/jylee/ROSPlan/devel/.private/rosplan_dispatch_msgs/share/common-lisp/ros/rosplan_dispatch_msgs/msg/_package_PlanActionResult.lisp, /home/jylee/jylee/ROSPlan/devel/share/common-lisp/ros/rosplan_dispatch_msgs/msg/_package_PlanActionResult.lisp)
Linked: (/home/jylee/jylee/ROSPlan/devel/.private/rosplan_dispatch_msgs/share/common-lisp/ros/rosplan_dispatch_msgs/msg/_package_CompletePlan.lisp, /home/jylee/jylee/ROSPlan/devel/share/common-lisp/ros/rosplan_dispatch_msgs/msg/_package_CompletePlan.lisp)
Linked: (/home/jylee/jylee/ROSPlan/devel/.private/rosplan_dispatch_msgs/share/common-lisp/ros/rosplan_dispatch_msgs/msg/PlanResult.lisp, /home/jylee/jylee/ROSPlan/devel/share/common-lisp/ros/rosplan_dispatch_msgs/msg/PlanResult.lisp)
Linked: (/home/jylee/jylee/ROSPlan/devel/.private/rosplan_dispatch_msgs/share/common-lisp/ros/rosplan_dispatch_msgs/msg/CompletePlan.lisp, /home/jylee/jylee/ROSPlan/devel/share/common-lisp/ros/rosplan_dispatch_msgs/msg/CompletePlan.lisp)
Linked: (/home/jylee/jylee/ROSPlan/devel/.private/rosplan_dispatch_msgs/share/common-lisp/ros/rosplan_dispatch_msgs/msg/rosplan_dispatch_msgs-msg.asd, /home/jylee/jylee/ROSPlan/devel/share/common-lisp/ros/rosplan_dispatch_msgs/msg/rosplan_dispatch_msgs-msg.asd)
Linked: (/home/jylee/jylee/ROSPlan/devel/.private/rosplan_dispatch_msgs/share/common-lisp/ros/rosplan_dispatch_msgs/msg/ActionDispatch.lisp, /home/jylee/jylee/ROSPlan/devel/share/common-lisp/ros/rosplan_dispatch_msgs/msg/ActionDispatch.lisp)
Linked: (/home/jylee/jylee/ROSPlan/devel/.private/rosplan_dispatch_msgs/share/common-lisp/ros/rosplan_dispatch_msgs/msg/PlanActionResult.lisp, /home/jylee/jylee/ROSPlan/devel/share/common-lisp/ros/rosplan_dispatch_msgs/msg/PlanActionResult.lisp)
Linked: (/home/jylee/jylee/ROSPlan/devel/.private/rosplan_dispatch_msgs/share/common-lisp/ros/rosplan_dispatch_msgs/msg/_package_PlanActionGoal.lisp, /home/jylee/jylee/ROSPlan/devel/share/common-lisp/ros/rosplan_dispatch_msgs/msg/_package_PlanActionGoal.lisp)
Linked: (/home/jylee/jylee/ROSPlan/devel/.private/rosplan_dispatch_msgs/share/common-lisp/ros/rosplan_dispatch_msgs/msg/ActionFeedback.lisp, /home/jylee/jylee/ROSPlan/devel/share/common-lisp/ros/rosplan_dispatch_msgs/msg/ActionFeedback.lisp)
Linked: (/home/jylee/jylee/ROSPlan/devel/.private/rosplan_dispatch_msgs/share/common-lisp/ros/rosplan_dispatch_msgs/msg/PlanFeedback.lisp, /home/jylee/jylee/ROSPlan/devel/share/common-lisp/ros/rosplan_dispatch_msgs/msg/PlanFeedback.lisp)
Linked: (/home/jylee/jylee/ROSPlan/devel/.private/rosplan_dispatch_msgs/share/common-lisp/ros/rosplan_dispatch_msgs/msg/_package_PlanFeedback.lisp, /home/jylee/jylee/ROSPlan/devel/share/common-lisp/ros/rosplan_dispatch_msgs/msg/_package_PlanFeedback.lisp)
Linked: (/home/jylee/jylee/ROSPlan/devel/.private/rosplan_dispatch_msgs/share/common-lisp/ros/rosplan_dispatch_msgs/msg/_package.lisp, /home/jylee/jylee/ROSPlan/devel/share/common-lisp/ros/rosplan_dispatch_msgs/msg/_package.lisp)
Linked: (/home/jylee/jylee/ROSPlan/devel/.private/rosplan_dispatch_msgs/share/common-lisp/ros/rosplan_dispatch_msgs/msg/EsterelPlanNode.lisp, /home/jylee/jylee/ROSPlan/devel/share/common-lisp/ros/rosplan_dispatch_msgs/msg/EsterelPlanNode.lisp)
Linked: (/home/jylee/jylee/ROSPlan/devel/.private/rosplan_dispatch_msgs/share/common-lisp/ros/rosplan_dispatch_msgs/msg/PlanGoal.lisp, /home/jylee/jylee/ROSPlan/devel/share/common-lisp/ros/rosplan_dispatch_msgs/msg/PlanGoal.lisp)
Linked: (/home/jylee/jylee/ROSPlan/devel/.private/rosplan_dispatch_msgs/share/common-lisp/ros/rosplan_dispatch_msgs/msg/EsterelPlan.lisp, /home/jylee/jylee/ROSPlan/devel/share/common-lisp/ros/rosplan_dispatch_msgs/msg/EsterelPlan.lisp)
Linked: (/home/jylee/jylee/ROSPlan/devel/.private/rosplan_dispatch_msgs/share/common-lisp/ros/rosplan_dispatch_msgs/msg/_package_EsterelPlanNode.lisp, /home/jylee/jylee/ROSPlan/devel/share/common-lisp/ros/rosplan_dispatch_msgs/msg/_package_EsterelPlanNode.lisp)
Linked: (/home/jylee/jylee/ROSPlan/devel/.private/rosplan_dispatch_msgs/share/common-lisp/ros/rosplan_dispatch_msgs/msg/_package_PlanResult.lisp, /home/jylee/jylee/ROSPlan/devel/share/common-lisp/ros/rosplan_dispatch_msgs/msg/_package_PlanResult.lisp)
Linked: (/home/jylee/jylee/ROSPlan/devel/.private/rosplan_dispatch_msgs/share/common-lisp/ros/rosplan_dispatch_msgs/msg/_package_ActionFeedback.lisp, /home/jylee/jylee/ROSPlan/devel/share/common-lisp/ros/rosplan_dispatch_msgs/msg/_package_ActionFeedback.lisp)
Linked: (/home/jylee/jylee/ROSPlan/devel/.private/rosplan_dispatch_msgs/share/common-lisp/ros/rosplan_dispatch_msgs/msg/EsterelPlanEdge.lisp, /home/jylee/jylee/ROSPlan/devel/share/common-lisp/ros/rosplan_dispatch_msgs/msg/EsterelPlanEdge.lisp)
Linked: (/home/jylee/jylee/ROSPlan/devel/.private/rosplan_dispatch_msgs/share/common-lisp/ros/rosplan_dispatch_msgs/msg/PlanAction.lisp, /home/jylee/jylee/ROSPlan/devel/share/common-lisp/ros/rosplan_dispatch_msgs/msg/PlanAction.lisp)
Linked: (/home/jylee/jylee/ROSPlan/devel/.private/rosplan_dispatch_msgs/share/common-lisp/ros/rosplan_dispatch_msgs/msg/PlanActionGoal.lisp, /home/jylee/jylee/ROSPlan/devel/share/common-lisp/ros/rosplan_dispatch_msgs/msg/PlanActionGoal.lisp)
Linked: (/home/jylee/jylee/ROSPlan/devel/.private/rosplan_dispatch_msgs/share/common-lisp/ros/rosplan_dispatch_msgs/msg/_package_ActionDispatch.lisp, /home/jylee/jylee/ROSPlan/devel/share/common-lisp/ros/rosplan_dispatch_msgs/msg/_package_ActionDispatch.lisp)
Linked: (/home/jylee/jylee/ROSPlan/devel/.private/rosplan_dispatch_msgs/share/common-lisp/ros/rosplan_dispatch_msgs/msg/_package_PlanGoal.lisp, /home/jylee/jylee/ROSPlan/devel/share/common-lisp/ros/rosplan_dispatch_msgs/msg/_package_PlanGoal.lisp)
Linked: (/home/jylee/jylee/ROSPlan/devel/.private/rosplan_dispatch_msgs/share/common-lisp/ros/rosplan_dispatch_msgs/msg/_package_EsterelPlan.lisp, /home/jylee/jylee/ROSPlan/devel/share/common-lisp/ros/rosplan_dispatch_msgs/msg/_package_EsterelPlan.lisp)
Linked: (/home/jylee/jylee/ROSPlan/devel/.private/rosplan_dispatch_msgs/share/rosplan_dispatch_msgs/cmake/rosplan_dispatch_msgs-msg-paths.cmake, /home/jylee/jylee/ROSPlan/devel/share/rosplan_dispatch_msgs/cmake/rosplan_dispatch_msgs-msg-paths.cmake)
Linked: (/home/jylee/jylee/ROSPlan/devel/.private/rosplan_dispatch_msgs/share/rosplan_dispatch_msgs/cmake/rosplan_dispatch_msgsConfig.cmake, /home/jylee/jylee/ROSPlan/devel/share/rosplan_dispatch_msgs/cmake/rosplan_dispatch_msgsConfig.cmake)
Linked: (/home/jylee/jylee/ROSPlan/devel/.private/rosplan_dispatch_msgs/share/rosplan_dispatch_msgs/cmake/rosplan_dispatch_msgsConfig-version.cmake, /home/jylee/jylee/ROSPlan/devel/share/rosplan_dispatch_msgs/cmake/rosplan_dispatch_msgsConfig-version.cmake)
Linked: (/home/jylee/jylee/ROSPlan/devel/.private/rosplan_dispatch_msgs/share/rosplan_dispatch_msgs/cmake/rosplan_dispatch_msgs-msg-extras.cmake, /home/jylee/jylee/ROSPlan/devel/share/rosplan_dispatch_msgs/cmake/rosplan_dispatch_msgs-msg-extras.cmake)
Linked: (/home/jylee/jylee/ROSPlan/devel/.private/rosplan_dispatch_msgs/share/rosplan_dispatch_msgs/msg/PlanActionFeedback.msg, /home/jylee/jylee/ROSPlan/devel/share/rosplan_dispatch_msgs/msg/PlanActionFeedback.msg)
Linked: (/home/jylee/jylee/ROSPlan/devel/.private/rosplan_dispatch_msgs/share/rosplan_dispatch_msgs/msg/PlanFeedback.msg, /home/jylee/jylee/ROSPlan/devel/share/rosplan_dispatch_msgs/msg/PlanFeedback.msg)
Linked: (/home/jylee/jylee/ROSPlan/devel/.private/rosplan_dispatch_msgs/share/rosplan_dispatch_msgs/msg/PlanActionResult.msg, /home/jylee/jylee/ROSPlan/devel/share/rosplan_dispatch_msgs/msg/PlanActionResult.msg)
Linked: (/home/jylee/jylee/ROSPlan/devel/.private/rosplan_dispatch_msgs/share/rosplan_dispatch_msgs/msg/PlanResult.msg, /home/jylee/jylee/ROSPlan/devel/share/rosplan_dispatch_msgs/msg/PlanResult.msg)
Linked: (/home/jylee/jylee/ROSPlan/devel/.private/rosplan_dispatch_msgs/share/rosplan_dispatch_msgs/msg/PlanAction.msg, /home/jylee/jylee/ROSPlan/devel/share/rosplan_dispatch_msgs/msg/PlanAction.msg)
Linked: (/home/jylee/jylee/ROSPlan/devel/.private/rosplan_dispatch_msgs/share/rosplan_dispatch_msgs/msg/PlanActionGoal.msg, /home/jylee/jylee/ROSPlan/devel/share/rosplan_dispatch_msgs/msg/PlanActionGoal.msg)
Linked: (/home/jylee/jylee/ROSPlan/devel/.private/rosplan_dispatch_msgs/share/rosplan_dispatch_msgs/msg/PlanGoal.msg, /home/jylee/jylee/ROSPlan/devel/share/rosplan_dispatch_msgs/msg/PlanGoal.msg)
Linked: (/home/jylee/jylee/ROSPlan/devel/.private/rosplan_dispatch_msgs/share/gennodejs/ros/rosplan_dispatch_msgs/_index.js, /home/jylee/jylee/ROSPlan/devel/share/gennodejs/ros/rosplan_dispatch_msgs/_index.js)
Linked: (/home/jylee/jylee/ROSPlan/devel/.private/rosplan_dispatch_msgs/share/gennodejs/ros/rosplan_dispatch_msgs/srv/ProblemService.js, /home/jylee/jylee/ROSPlan/devel/share/gennodejs/ros/rosplan_dispatch_msgs/srv/ProblemService.js)
Linked: (/home/jylee/jylee/ROSPlan/devel/.private/rosplan_dispatch_msgs/share/gennodejs/ros/rosplan_dispatch_msgs/srv/PlanningService.js, /home/jylee/jylee/ROSPlan/devel/share/gennodejs/ros/rosplan_dispatch_msgs/srv/PlanningService.js)
Linked: (/home/jylee/jylee/ROSPlan/devel/.private/rosplan_dispatch_msgs/share/gennodejs/ros/rosplan_dispatch_msgs/srv/ParsingService.js, /home/jylee/jylee/ROSPlan/devel/share/gennodejs/ros/rosplan_dispatch_msgs/srv/ParsingService.js)
Linked: (/home/jylee/jylee/ROSPlan/devel/.private/rosplan_dispatch_msgs/share/gennodejs/ros/rosplan_dispatch_msgs/srv/_index.js, /home/jylee/jylee/ROSPlan/devel/share/gennodejs/ros/rosplan_dispatch_msgs/srv/_index.js)
Linked: (/home/jylee/jylee/ROSPlan/devel/.private/rosplan_dispatch_msgs/share/gennodejs/ros/rosplan_dispatch_msgs/msg/PlanFeedback.js, /home/jylee/jylee/ROSPlan/devel/share/gennodejs/ros/rosplan_dispatch_msgs/msg/PlanFeedback.js)
Linked: (/home/jylee/jylee/ROSPlan/devel/.private/rosplan_dispatch_msgs/share/gennodejs/ros/rosplan_dispatch_msgs/msg/PlanAction.js, /home/jylee/jylee/ROSPlan/devel/share/gennodejs/ros/rosplan_dispatch_msgs/msg/PlanAction.js)
Linked: (/home/jylee/jylee/ROSPlan/devel/.private/rosplan_dispatch_msgs/share/gennodejs/ros/rosplan_dispatch_msgs/msg/EsterelPlanEdge.js, /home/jylee/jylee/ROSPlan/devel/share/gennodejs/ros/rosplan_dispatch_msgs/msg/EsterelPlanEdge.js)
Linked: (/home/jylee/jylee/ROSPlan/devel/.private/rosplan_dispatch_msgs/share/gennodejs/ros/rosplan_dispatch_msgs/msg/PlanResult.js, /home/jylee/jylee/ROSPlan/devel/share/gennodejs/ros/rosplan_dispatch_msgs/msg/PlanResult.js)
Linked: (/home/jylee/jylee/ROSPlan/devel/.private/rosplan_dispatch_msgs/share/gennodejs/ros/rosplan_dispatch_msgs/msg/EsterelPlanNode.js, /home/jylee/jylee/ROSPlan/devel/share/gennodejs/ros/rosplan_dispatch_msgs/msg/EsterelPlanNode.js)
Linked: (/home/jylee/jylee/ROSPlan/devel/.private/rosplan_dispatch_msgs/share/gennodejs/ros/rosplan_dispatch_msgs/msg/PlanActionResult.js, /home/jylee/jylee/ROSPlan/devel/share/gennodejs/ros/rosplan_dispatch_msgs/msg/PlanActionResult.js)
Linked: (/home/jylee/jylee/ROSPlan/devel/.private/rosplan_dispatch_msgs/share/gennodejs/ros/rosplan_dispatch_msgs/msg/PlanGoal.js, /home/jylee/jylee/ROSPlan/devel/share/gennodejs/ros/rosplan_dispatch_msgs/msg/PlanGoal.js)
Linked: (/home/jylee/jylee/ROSPlan/devel/.private/rosplan_dispatch_msgs/share/gennodejs/ros/rosplan_dispatch_msgs/msg/CompletePlan.js, /home/jylee/jylee/ROSPlan/devel/share/gennodejs/ros/rosplan_dispatch_msgs/msg/CompletePlan.js)
Linked: (/home/jylee/jylee/ROSPlan/devel/.private/rosplan_dispatch_msgs/share/gennodejs/ros/rosplan_dispatch_msgs/msg/PlanActionFeedback.js, /home/jylee/jylee/ROSPlan/devel/share/gennodejs/ros/rosplan_dispatch_msgs/msg/PlanActionFeedback.js)
Linked: (/home/jylee/jylee/ROSPlan/devel/.private/rosplan_dispatch_msgs/share/gennodejs/ros/rosplan_dispatch_msgs/msg/ActionDispatch.js, /home/jylee/jylee/ROSPlan/devel/share/gennodejs/ros/rosplan_dispatch_msgs/msg/ActionDispatch.js)
Linked: (/home/jylee/jylee/ROSPlan/devel/.private/rosplan_dispatch_msgs/share/gennodejs/ros/rosplan_dispatch_msgs/msg/PlanActionGoal.js, /home/jylee/jylee/ROSPlan/devel/share/gennodejs/ros/rosplan_dispatch_msgs/msg/PlanActionGoal.js)
Linked: (/home/jylee/jylee/ROSPlan/devel/.private/rosplan_dispatch_msgs/share/gennodejs/ros/rosplan_dispatch_msgs/msg/ActionFeedback.js, /home/jylee/jylee/ROSPlan/devel/share/gennodejs/ros/rosplan_dispatch_msgs/msg/ActionFeedback.js)
Linked: (/home/jylee/jylee/ROSPlan/devel/.private/rosplan_dispatch_msgs/share/gennodejs/ros/rosplan_dispatch_msgs/msg/_index.js, /home/jylee/jylee/ROSPlan/devel/share/gennodejs/ros/rosplan_dispatch_msgs/msg/_index.js)
Linked: (/home/jylee/jylee/ROSPlan/devel/.private/rosplan_dispatch_msgs/share/gennodejs/ros/rosplan_dispatch_msgs/msg/EsterelPlan.js, /home/jylee/jylee/ROSPlan/devel/share/gennodejs/ros/rosplan_dispatch_msgs/msg/EsterelPlan.js)
Linked: (/home/jylee/jylee/ROSPlan/devel/.private/rosplan_dispatch_msgs/share/roseus/ros/rosplan_dispatch_msgs/manifest.l, /home/jylee/jylee/ROSPlan/devel/share/roseus/ros/rosplan_dispatch_msgs/manifest.l)
Linked: (/home/jylee/jylee/ROSPlan/devel/.private/rosplan_dispatch_msgs/share/roseus/ros/rosplan_dispatch_msgs/srv/PlanningService.l, /home/jylee/jylee/ROSPlan/devel/share/roseus/ros/rosplan_dispatch_msgs/srv/PlanningService.l)
Linked: (/home/jylee/jylee/ROSPlan/devel/.private/rosplan_dispatch_msgs/share/roseus/ros/rosplan_dispatch_msgs/srv/ParsingService.l, /home/jylee/jylee/ROSPlan/devel/share/roseus/ros/rosplan_dispatch_msgs/srv/ParsingService.l)
Linked: (/home/jylee/jylee/ROSPlan/devel/.private/rosplan_dispatch_msgs/share/roseus/ros/rosplan_dispatch_msgs/srv/ProblemService.l, /home/jylee/jylee/ROSPlan/devel/share/roseus/ros/rosplan_dispatch_msgs/srv/ProblemService.l)
Linked: (/home/jylee/jylee/ROSPlan/devel/.private/rosplan_dispatch_msgs/share/roseus/ros/rosplan_dispatch_msgs/msg/PlanAction.l, /home/jylee/jylee/ROSPlan/devel/share/roseus/ros/rosplan_dispatch_msgs/msg/PlanAction.l)
Linked: (/home/jylee/jylee/ROSPlan/devel/.private/rosplan_dispatch_msgs/share/roseus/ros/rosplan_dispatch_msgs/msg/EsterelPlanEdge.l, /home/jylee/jylee/ROSPlan/devel/share/roseus/ros/rosplan_dispatch_msgs/msg/EsterelPlanEdge.l)
Linked: (/home/jylee/jylee/ROSPlan/devel/.private/rosplan_dispatch_msgs/share/roseus/ros/rosplan_dispatch_msgs/msg/EsterelPlanNode.l, /home/jylee/jylee/ROSPlan/devel/share/roseus/ros/rosplan_dispatch_msgs/msg/EsterelPlanNode.l)
Linked: (/home/jylee/jylee/ROSPlan/devel/.private/rosplan_dispatch_msgs/share/roseus/ros/rosplan_dispatch_msgs/msg/PlanResult.l, /home/jylee/jylee/ROSPlan/devel/share/roseus/ros/rosplan_dispatch_msgs/msg/PlanResult.l)
Linked: (/home/jylee/jylee/ROSPlan/devel/.private/rosplan_dispatch_msgs/share/roseus/ros/rosplan_dispatch_msgs/msg/EsterelPlan.l, /home/jylee/jylee/ROSPlan/devel/share/roseus/ros/rosplan_dispatch_msgs/msg/EsterelPlan.l)
Linked: (/home/jylee/jylee/ROSPlan/devel/.private/rosplan_dispatch_msgs/share/roseus/ros/rosplan_dispatch_msgs/msg/ActionDispatch.l, /home/jylee/jylee/ROSPlan/devel/share/roseus/ros/rosplan_dispatch_msgs/msg/ActionDispatch.l)
Linked: (/home/jylee/jylee/ROSPlan/devel/.private/rosplan_dispatch_msgs/share/roseus/ros/rosplan_dispatch_msgs/msg/PlanFeedback.l, /home/jylee/jylee/ROSPlan/devel/share/roseus/ros/rosplan_dispatch_msgs/msg/PlanFeedback.l)
Linked: (/home/jylee/jylee/ROSPlan/devel/.private/rosplan_dispatch_msgs/share/roseus/ros/rosplan_dispatch_msgs/msg/ActionFeedback.l, /home/jylee/jylee/ROSPlan/devel/share/roseus/ros/rosplan_dispatch_msgs/msg/ActionFeedback.l)
Linked: (/home/jylee/jylee/ROSPlan/devel/.private/rosplan_dispatch_msgs/share/roseus/ros/rosplan_dispatch_msgs/msg/PlanActionResult.l, /home/jylee/jylee/ROSPlan/devel/share/roseus/ros/rosplan_dispatch_msgs/msg/PlanActionResult.l)
Linked: (/home/jylee/jylee/ROSPlan/devel/.private/rosplan_dispatch_msgs/share/roseus/ros/rosplan_dispatch_msgs/msg/PlanGoal.l, /home/jylee/jylee/ROSPlan/devel/share/roseus/ros/rosplan_dispatch_msgs/msg/PlanGoal.l)
Linked: (/home/jylee/jylee/ROSPlan/devel/.private/rosplan_dispatch_msgs/share/roseus/ros/rosplan_dispatch_msgs/msg/PlanActionGoal.l, /home/jylee/jylee/ROSPlan/devel/share/roseus/ros/rosplan_dispatch_msgs/msg/PlanActionGoal.l)
Linked: (/home/jylee/jylee/ROSPlan/devel/.private/rosplan_dispatch_msgs/share/roseus/ros/rosplan_dispatch_msgs/msg/CompletePlan.l, /home/jylee/jylee/ROSPlan/devel/share/roseus/ros/rosplan_dispatch_msgs/msg/CompletePlan.l)
Linked: (/home/jylee/jylee/ROSPlan/devel/.private/rosplan_dispatch_msgs/share/roseus/ros/rosplan_dispatch_msgs/msg/PlanActionFeedback.l, /home/jylee/jylee/ROSPlan/devel/share/roseus/ros/rosplan_dispatch_msgs/msg/PlanActionFeedback.l)
Linked: (/home/jylee/jylee/ROSPlan/devel/.private/rosplan_dispatch_msgs/include/rosplan_dispatch_msgs/PlanGoal.h, /home/jylee/jylee/ROSPlan/devel/include/rosplan_dispatch_msgs/PlanGoal.h)
Linked: (/home/jylee/jylee/ROSPlan/devel/.private/rosplan_dispatch_msgs/include/rosplan_dispatch_msgs/PlanningServiceResponse.h, /home/jylee/jylee/ROSPlan/devel/include/rosplan_dispatch_msgs/PlanningServiceResponse.h)
Linked: (/home/jylee/jylee/ROSPlan/devel/.private/rosplan_dispatch_msgs/include/rosplan_dispatch_msgs/EsterelPlanEdge.h, /home/jylee/jylee/ROSPlan/devel/include/rosplan_dispatch_msgs/EsterelPlanEdge.h)
Linked: (/home/jylee/jylee/ROSPlan/devel/.private/rosplan_dispatch_msgs/include/rosplan_dispatch_msgs/ProblemServiceRequest.h, /home/jylee/jylee/ROSPlan/devel/include/rosplan_dispatch_msgs/ProblemServiceRequest.h)
Linked: (/home/jylee/jylee/ROSPlan/devel/.private/rosplan_dispatch_msgs/include/rosplan_dispatch_msgs/PlanResult.h, /home/jylee/jylee/ROSPlan/devel/include/rosplan_dispatch_msgs/PlanResult.h)
Linked: (/home/jylee/jylee/ROSPlan/devel/.private/rosplan_dispatch_msgs/include/rosplan_dispatch_msgs/ParsingServiceResponse.h, /home/jylee/jylee/ROSPlan/devel/include/rosplan_dispatch_msgs/ParsingServiceResponse.h)
Linked: (/home/jylee/jylee/ROSPlan/devel/.private/rosplan_dispatch_msgs/include/rosplan_dispatch_msgs/ActionFeedback.h, /home/jylee/jylee/ROSPlan/devel/include/rosplan_dispatch_msgs/ActionFeedback.h)
Linked: (/home/jylee/jylee/ROSPlan/devel/.private/rosplan_dispatch_msgs/include/rosplan_dispatch_msgs/CompletePlan.h, /home/jylee/jylee/ROSPlan/devel/include/rosplan_dispatch_msgs/CompletePlan.h)
Linked: (/home/jylee/jylee/ROSPlan/devel/.private/rosplan_dispatch_msgs/include/rosplan_dispatch_msgs/ProblemService.h, /home/jylee/jylee/ROSPlan/devel/include/rosplan_dispatch_msgs/ProblemService.h)
Linked: (/home/jylee/jylee/ROSPlan/devel/.private/rosplan_dispatch_msgs/include/rosplan_dispatch_msgs/PlanActionFeedback.h, /home/jylee/jylee/ROSPlan/devel/include/rosplan_dispatch_msgs/PlanActionFeedback.h)
Linked: (/home/jylee/jylee/ROSPlan/devel/.private/rosplan_dispatch_msgs/include/rosplan_dispatch_msgs/PlanAction.h, /home/jylee/jylee/ROSPlan/devel/include/rosplan_dispatch_msgs/PlanAction.h)
Linked: (/home/jylee/jylee/ROSPlan/devel/.private/rosplan_dispatch_msgs/include/rosplan_dispatch_msgs/EsterelPlanNode.h, /home/jylee/jylee/ROSPlan/devel/include/rosplan_dispatch_msgs/EsterelPlanNode.h)
Linked: (/home/jylee/jylee/ROSPlan/devel/.private/rosplan_dispatch_msgs/include/rosplan_dispatch_msgs/PlanningServiceRequest.h, /home/jylee/jylee/ROSPlan/devel/include/rosplan_dispatch_msgs/PlanningServiceRequest.h)
Linked: (/home/jylee/jylee/ROSPlan/devel/.private/rosplan_dispatch_msgs/include/rosplan_dispatch_msgs/ProblemServiceResponse.h, /home/jylee/jylee/ROSPlan/devel/include/rosplan_dispatch_msgs/ProblemServiceResponse.h)
Linked: (/home/jylee/jylee/ROSPlan/devel/.private/rosplan_dispatch_msgs/include/rosplan_dispatch_msgs/EsterelPlan.h, /home/jylee/jylee/ROSPlan/devel/include/rosplan_dispatch_msgs/EsterelPlan.h)
Linked: (/home/jylee/jylee/ROSPlan/devel/.private/rosplan_dispatch_msgs/include/rosplan_dispatch_msgs/PlanningService.h, /home/jylee/jylee/ROSPlan/devel/include/rosplan_dispatch_msgs/PlanningService.h)
Linked: (/home/jylee/jylee/ROSPlan/devel/.private/rosplan_dispatch_msgs/include/rosplan_dispatch_msgs/ParsingService.h, /home/jylee/jylee/ROSPlan/devel/include/rosplan_dispatch_msgs/ParsingService.h)
Linked: (/home/jylee/jylee/ROSPlan/devel/.private/rosplan_dispatch_msgs/include/rosplan_dispatch_msgs/ParsingServiceRequest.h, /home/jylee/jylee/ROSPlan/devel/include/rosplan_dispatch_msgs/ParsingServiceRequest.h)
Linked: (/home/jylee/jylee/ROSPlan/devel/.private/rosplan_dispatch_msgs/include/rosplan_dispatch_msgs/PlanActionResult.h, /home/jylee/jylee/ROSPlan/devel/include/rosplan_dispatch_msgs/PlanActionResult.h)
Linked: (/home/jylee/jylee/ROSPlan/devel/.private/rosplan_dispatch_msgs/include/rosplan_dispatch_msgs/PlanActionGoal.h, /home/jylee/jylee/ROSPlan/devel/include/rosplan_dispatch_msgs/PlanActionGoal.h)
Linked: (/home/jylee/jylee/ROSPlan/devel/.private/rosplan_dispatch_msgs/include/rosplan_dispatch_msgs/ActionDispatch.h, /home/jylee/jylee/ROSPlan/devel/include/rosplan_dispatch_msgs/ActionDispatch.h)
Linked: (/home/jylee/jylee/ROSPlan/devel/.private/rosplan_dispatch_msgs/include/rosplan_dispatch_msgs/PlanFeedback.h, /home/jylee/jylee/ROSPlan/devel/include/rosplan_dispatch_msgs/PlanFeedback.h)
Linked: (/home/jylee/jylee/ROSPlan/devel/.private/rosplan_dispatch_msgs/lib/pkgconfig/rosplan_dispatch_msgs.pc, /home/jylee/jylee/ROSPlan/devel/lib/pkgconfig/rosplan_dispatch_msgs.pc)
Linked: (/home/jylee/jylee/ROSPlan/devel/.private/rosplan_dispatch_msgs/lib/python2.7/dist-packages/rosplan_dispatch_msgs/__init__.py, /home/jylee/jylee/ROSPlan/devel/lib/python2.7/dist-packages/rosplan_dispatch_msgs/__init__.py)
Linked: (/home/jylee/jylee/ROSPlan/devel/.private/rosplan_dispatch_msgs/lib/python2.7/dist-packages/rosplan_dispatch_msgs/srv/_PlanningService.py, /home/jylee/jylee/ROSPlan/devel/lib/python2.7/dist-packages/rosplan_dispatch_msgs/srv/_PlanningService.py)
Linked: (/home/jylee/jylee/ROSPlan/devel/.private/rosplan_dispatch_msgs/lib/python2.7/dist-packages/rosplan_dispatch_msgs/srv/_ParsingService.py, /home/jylee/jylee/ROSPlan/devel/lib/python2.7/dist-packages/rosplan_dispatch_msgs/srv/_ParsingService.py)
Linked: (/home/jylee/jylee/ROSPlan/devel/.private/rosplan_dispatch_msgs/lib/python2.7/dist-packages/rosplan_dispatch_msgs/srv/__init__.py, /home/jylee/jylee/ROSPlan/devel/lib/python2.7/dist-packages/rosplan_dispatch_msgs/srv/__init__.py)
Linked: (/home/jylee/jylee/ROSPlan/devel/.private/rosplan_dispatch_msgs/lib/python2.7/dist-packages/rosplan_dispatch_msgs/srv/_ProblemService.py, /home/jylee/jylee/ROSPlan/devel/lib/python2.7/dist-packages/rosplan_dispatch_msgs/srv/_ProblemService.py)
Linked: (/home/jylee/jylee/ROSPlan/devel/.private/rosplan_dispatch_msgs/lib/python2.7/dist-packages/rosplan_dispatch_msgs/msg/_PlanFeedback.py, /home/jylee/jylee/ROSPlan/devel/lib/python2.7/dist-packages/rosplan_dispatch_msgs/msg/_PlanFeedback.py)
Linked: (/home/jylee/jylee/ROSPlan/devel/.private/rosplan_dispatch_msgs/lib/python2.7/dist-packages/rosplan_dispatch_msgs/msg/_PlanGoal.py, /home/jylee/jylee/ROSPlan/devel/lib/python2.7/dist-packages/rosplan_dispatch_msgs/msg/_PlanGoal.py)
Linked: (/home/jylee/jylee/ROSPlan/devel/.private/rosplan_dispatch_msgs/lib/python2.7/dist-packages/rosplan_dispatch_msgs/msg/_PlanActionFeedback.py, /home/jylee/jylee/ROSPlan/devel/lib/python2.7/dist-packages/rosplan_dispatch_msgs/msg/_PlanActionFeedback.py)
Linked: (/home/jylee/jylee/ROSPlan/devel/.private/rosplan_dispatch_msgs/lib/python2.7/dist-packages/rosplan_dispatch_msgs/msg/_CompletePlan.py, /home/jylee/jylee/ROSPlan/devel/lib/python2.7/dist-packages/rosplan_dispatch_msgs/msg/_CompletePlan.py)
Linked: (/home/jylee/jylee/ROSPlan/devel/.private/rosplan_dispatch_msgs/lib/python2.7/dist-packages/rosplan_dispatch_msgs/msg/_EsterelPlan.py, /home/jylee/jylee/ROSPlan/devel/lib/python2.7/dist-packages/rosplan_dispatch_msgs/msg/_EsterelPlan.py)
Linked: (/home/jylee/jylee/ROSPlan/devel/.private/rosplan_dispatch_msgs/lib/python2.7/dist-packages/rosplan_dispatch_msgs/msg/__init__.py, /home/jylee/jylee/ROSPlan/devel/lib/python2.7/dist-packages/rosplan_dispatch_msgs/msg/__init__.py)
Linked: (/home/jylee/jylee/ROSPlan/devel/.private/rosplan_dispatch_msgs/lib/python2.7/dist-packages/rosplan_dispatch_msgs/msg/_PlanActionGoal.py, /home/jylee/jylee/ROSPlan/devel/lib/python2.7/dist-packages/rosplan_dispatch_msgs/msg/_PlanActionGoal.py)
Linked: (/home/jylee/jylee/ROSPlan/devel/.private/rosplan_dispatch_msgs/lib/python2.7/dist-packages/rosplan_dispatch_msgs/msg/_ActionFeedback.py, /home/jylee/jylee/ROSPlan/devel/lib/python2.7/dist-packages/rosplan_dispatch_msgs/msg/_ActionFeedback.py)
Linked: (/home/jylee/jylee/ROSPlan/devel/.private/rosplan_dispatch_msgs/lib/python2.7/dist-packages/rosplan_dispatch_msgs/msg/_ActionDispatch.py, /home/jylee/jylee/ROSPlan/devel/lib/python2.7/dist-packages/rosplan_dispatch_msgs/msg/_ActionDispatch.py)
Linked: (/home/jylee/jylee/ROSPlan/devel/.private/rosplan_dispatch_msgs/lib/python2.7/dist-packages/rosplan_dispatch_msgs/msg/_PlanAction.py, /home/jylee/jylee/ROSPlan/devel/lib/python2.7/dist-packages/rosplan_dispatch_msgs/msg/_PlanAction.py)
Linked: (/home/jylee/jylee/ROSPlan/devel/.private/rosplan_dispatch_msgs/lib/python2.7/dist-packages/rosplan_dispatch_msgs/msg/_EsterelPlanNode.py, /home/jylee/jylee/ROSPlan/devel/lib/python2.7/dist-packages/rosplan_dispatch_msgs/msg/_EsterelPlanNode.py)
Linked: (/home/jylee/jylee/ROSPlan/devel/.private/rosplan_dispatch_msgs/lib/python2.7/dist-packages/rosplan_dispatch_msgs/msg/_PlanResult.py, /home/jylee/jylee/ROSPlan/devel/lib/python2.7/dist-packages/rosplan_dispatch_msgs/msg/_PlanResult.py)
Linked: (/home/jylee/jylee/ROSPlan/devel/.private/rosplan_dispatch_msgs/lib/python2.7/dist-packages/rosplan_dispatch_msgs/msg/_EsterelPlanEdge.py, /home/jylee/jylee/ROSPlan/devel/lib/python2.7/dist-packages/rosplan_dispatch_msgs/msg/_EsterelPlanEdge.py)
Linked: (/home/jylee/jylee/ROSPlan/devel/.private/rosplan_dispatch_msgs/lib/python2.7/dist-packages/rosplan_dispatch_msgs/msg/_PlanActionResult.py, /home/jylee/jylee/ROSPlan/devel/lib/python2.7/dist-packages/rosplan_dispatch_msgs/msg/_PlanActionResult.py)
