Determining if the pthread_create exist failed with the following output:
Change Dir: /home/jylee/jylee/ROSPlan/build/rosplan_knowledge_msgs/CMakeFiles/CMakeTmp

Run Build Command:"/usr/bin/make" "cmTC_125d0/fast"
/usr/bin/make -f CMakeFiles/cmTC_125d0.dir/build.make CMakeFiles/cmTC_125d0.dir/build
make[1]: Entering directory '/home/jylee/jylee/ROSPlan/build/rosplan_knowledge_msgs/CMakeFiles/CMakeTmp'
Building C object CMakeFiles/cmTC_125d0.dir/CheckSymbolExists.c.o
/usr/bin/cc    -o CMakeFiles/cmTC_125d0.dir/CheckSymbolExists.c.o   -c /home/jylee/jylee/ROSPlan/build/rosplan_knowledge_msgs/CMakeFiles/CMakeTmp/CheckSymbolExists.c
Linking C executable cmTC_125d0
/usr/bin/cmake -E cmake_link_script CMakeFiles/cmTC_125d0.dir/link.txt --verbose=1
/usr/bin/cc      -rdynamic CMakeFiles/cmTC_125d0.dir/CheckSymbolExists.c.o  -o cmTC_125d0 
CMakeFiles/cmTC_125d0.dir/CheckSymbolExists.c.o: In function `main':
CheckSymbolExists.c:(.text+0x1b): undefined reference to `pthread_create'
collect2: error: ld returned 1 exit status
CMakeFiles/cmTC_125d0.dir/build.make:97: recipe for target 'cmTC_125d0' failed
make[1]: *** [cmTC_125d0] Error 1
make[1]: Leaving directory '/home/jylee/jylee/ROSPlan/build/rosplan_knowledge_msgs/CMakeFiles/CMakeTmp'
Makefile:126: recipe for target 'cmTC_125d0/fast' failed
make: *** [cmTC_125d0/fast] Error 2

File /home/jylee/jylee/ROSPlan/build/rosplan_knowledge_msgs/CMakeFiles/CMakeTmp/CheckSymbolExists.c:
/* */
#include <pthread.h>

int main(int argc, char** argv)
{
  (void)argv;
#ifndef pthread_create
  return ((int*)(&pthread_create))[argc];
#else
  (void)argc;
  return 0;
#endif
}

Determining if the function pthread_create exists in the pthreads failed with the following output:
Change Dir: /home/jylee/jylee/ROSPlan/build/rosplan_knowledge_msgs/CMakeFiles/CMakeTmp

Run Build Command:"/usr/bin/make" "cmTC_4f177/fast"
/usr/bin/make -f CMakeFiles/cmTC_4f177.dir/build.make CMakeFiles/cmTC_4f177.dir/build
make[1]: Entering directory '/home/jylee/jylee/ROSPlan/build/rosplan_knowledge_msgs/CMakeFiles/CMakeTmp'
Building C object CMakeFiles/cmTC_4f177.dir/CheckFunctionExists.c.o
/usr/bin/cc   -DCHECK_FUNCTION_EXISTS=pthread_create   -o CMakeFiles/cmTC_4f177.dir/CheckFunctionExists.c.o   -c /usr/share/cmake-3.10/Modules/CheckFunctionExists.c
Linking C executable cmTC_4f177
/usr/bin/cmake -E cmake_link_script CMakeFiles/cmTC_4f177.dir/link.txt --verbose=1
/usr/bin/cc  -DCHECK_FUNCTION_EXISTS=pthread_create    -rdynamic CMakeFiles/cmTC_4f177.dir/CheckFunctionExists.c.o  -o cmTC_4f177 -lpthreads 
/usr/bin/ld: cannot find -lpthreads
collect2: error: ld returned 1 exit status
CMakeFiles/cmTC_4f177.dir/build.make:97: recipe for target 'cmTC_4f177' failed
make[1]: *** [cmTC_4f177] Error 1
make[1]: Leaving directory '/home/jylee/jylee/ROSPlan/build/rosplan_knowledge_msgs/CMakeFiles/CMakeTmp'
Makefile:126: recipe for target 'cmTC_4f177/fast' failed
make: *** [cmTC_4f177/fast] Error 2


