[35m[1mScanning dependencies of target std_srvs_generate_messages_py[0m
[35m[1mScanning dependencies of target move_base_msgs_generate_messages_cpp[0m
[35m[1mScanning dependencies of target std_srvs_generate_messages_nodejs[0m
[35m[1mScanning dependencies of target rosgraph_msgs_generate_messages_eus[0m
[  0%] Built target std_srvs_generate_messages_nodejs
[  0%] Built target move_base_msgs_generate_messages_cpp
[  0%] Built target rosgraph_msgs_generate_messages_eus
[  0%] Built target std_srvs_generate_messages_py
[35m[1mScanning dependencies of target actionlib_generate_messages_lisp[0m
[35m[1mScanning dependencies of target geometry_msgs_generate_messages_cpp[0m
[35m[1mScanning dependencies of target std_msgs_generate_messages_nodejs[0m
[35m[1mScanning dependencies of target rosplan_dispatch_msgs_generate_messages_eus[0m
[  0%] Built target std_msgs_generate_messages_nodejs
[  0%] Built target rosplan_dispatch_msgs_generate_messages_eus
[  0%] Built target geometry_msgs_generate_messages_cpp
[  0%] Built target actionlib_generate_messages_lisp
[35m[1mScanning dependencies of target diagnostic_msgs_generate_messages_eus[0m
[35m[1mScanning dependencies of target actionlib_msgs_generate_messages_lisp[0m
[35m[1mScanning dependencies of target std_msgs_generate_messages_cpp[0m
[35m[1mScanning dependencies of target roscpp_generate_messages_cpp[0m
[  0%] Built target std_msgs_generate_messages_cpp
[  0%] Built target actionlib_msgs_generate_messages_lisp
[  0%] Built target diagnostic_msgs_generate_messages_eus
[  0%] Built target roscpp_generate_messages_cpp
[35m[1mScanning dependencies of target actionlib_generate_messages_cpp[0m
[35m[1mScanning dependencies of target geometry_msgs_generate_messages_nodejs[0m
[35m[1mScanning dependencies of target rosplan_dispatch_msgs_generate_messages_cpp[0m
[35m[1mScanning dependencies of target std_srvs_generate_messages_eus[0m
[  0%] Built target actionlib_generate_messages_cpp
[  0%] Built target geometry_msgs_generate_messages_nodejs
[  0%] Built target rosplan_dispatch_msgs_generate_messages_cpp
[  0%] Built target std_srvs_generate_messages_eus
[35m[1mScanning dependencies of target roscpp_generate_messages_lisp[0m
[35m[1mScanning dependencies of target std_msgs_generate_messages_lisp[0m
[35m[1mScanning dependencies of target roscpp_generate_messages_nodejs[0m
[35m[1mScanning dependencies of target geometry_msgs_generate_messages_eus[0m
[  0%] Built target std_msgs_generate_messages_lisp
[  0%] Built target roscpp_generate_messages_lisp
[  0%] Built target geometry_msgs_generate_messages_eus
[  0%] Built target roscpp_generate_messages_nodejs
[35m[1mScanning dependencies of target std_srvs_generate_messages_lisp[0m
[35m[1mScanning dependencies of target topic_tools_generate_messages_lisp[0m
[35m[1mScanning dependencies of target rosgraph_msgs_generate_messages_cpp[0m
[35m[1mScanning dependencies of target std_msgs_generate_messages_py[0m
[  0%] Built target topic_tools_generate_messages_lisp
[  0%] Built target std_srvs_generate_messages_lisp
[  0%] Built target rosgraph_msgs_generate_messages_cpp
[  0%] Built target std_msgs_generate_messages_py
[35m[1mScanning dependencies of target topic_tools_generate_messages_cpp[0m
[35m[1mScanning dependencies of target move_base_msgs_generate_messages_nodejs[0m
[35m[1mScanning dependencies of target std_srvs_generate_messages_cpp[0m
[35m[1mScanning dependencies of target actionlib_msgs_generate_messages_cpp[0m
[  0%] Built target topic_tools_generate_messages_cpp
[  0%] Built target move_base_msgs_generate_messages_nodejs
[  0%] Built target std_srvs_generate_messages_cpp
[  0%] Built target actionlib_msgs_generate_messages_cpp
[35m[1mScanning dependencies of target move_base_msgs_generate_messages_lisp[0m
[35m[1mScanning dependencies of target rosgraph_msgs_generate_messages_lisp[0m
[35m[1mScanning dependencies of target diagnostic_msgs_generate_messages_nodejs[0m
[35m[1mScanning dependencies of target rosplan_knowledge_msgs_generate_messages_nodejs[0m
[  0%] Built target rosgraph_msgs_generate_messages_lisp
[  0%] Built target move_base_msgs_generate_messages_lisp
[  0%] Built target diagnostic_msgs_generate_messages_nodejs
[35m[1mScanning dependencies of target rosplan_dispatch_msgs_generate_messages_py[0m
[  0%] Built target rosplan_knowledge_msgs_generate_messages_nodejs
[35m[1mScanning dependencies of target move_base_msgs_generate_messages_eus[0m
[  0%] Built target rosplan_dispatch_msgs_generate_messages_py
[35m[1mScanning dependencies of target rosgraph_msgs_generate_messages_nodejs[0m
[35m[1mScanning dependencies of target mongodb_store_generate_messages_py[0m
[35m[1mScanning dependencies of target move_base_msgs_generate_messages_py[0m
[  0%] Built target rosgraph_msgs_generate_messages_nodejs
[  0%] Built target move_base_msgs_generate_messages_eus
[  0%] Built target move_base_msgs_generate_messages_py
[  0%] Built target mongodb_store_generate_messages_py
[35m[1mScanning dependencies of target roscpp_generate_messages_eus[0m
[35m[1mScanning dependencies of target rosgraph_msgs_generate_messages_py[0m
[35m[1mScanning dependencies of target actionlib_msgs_generate_messages_py[0m
[35m[1mScanning dependencies of target actionlib_msgs_generate_messages_eus[0m
[  0%] Built target roscpp_generate_messages_eus
[  0%] Built target rosgraph_msgs_generate_messages_py
[  0%] Built target actionlib_msgs_generate_messages_py
[  0%] Built target actionlib_msgs_generate_messages_eus
[35m[1mScanning dependencies of target rosplan_dispatch_msgs_generate_messages_lisp[0m
[35m[1mScanning dependencies of target rosplan_dispatch_msgs_generate_messages_nodejs[0m
[35m[1mScanning dependencies of target rosplan_knowledge_msgs_generate_messages_eus[0m
[  0%] Built target rosplan_dispatch_msgs_generate_messages_lisp
[35m[1mScanning dependencies of target rosplan_knowledge_msgs_generate_messages_lisp[0m
[  0%] Built target rosplan_dispatch_msgs_generate_messages_nodejs
[  0%] Built target rosplan_knowledge_msgs_generate_messages_eus
[35m[1mScanning dependencies of target diagnostic_msgs_generate_messages_cpp[0m
[  0%] Built target rosplan_knowledge_msgs_generate_messages_lisp
[35m[1mScanning dependencies of target actionlib_generate_messages_nodejs[0m
[35m[1mScanning dependencies of target actionlib_generate_messages_eus[0m
[  0%] Built target diagnostic_msgs_generate_messages_cpp
[35m[1mScanning dependencies of target rosplan_knowledge_msgs_generate_messages_py[0m
[  0%] Built target actionlib_generate_messages_eus
[  0%] Built target actionlib_generate_messages_nodejs
[35m[1mScanning dependencies of target actionlib_generate_messages_py[0m
[  0%] Built target rosplan_knowledge_msgs_generate_messages_py
[35m[1mScanning dependencies of target mongodb_store_msgs_generate_messages_nodejs[0m
[35m[1mScanning dependencies of target mongodb_store_generate_messages_lisp[0m
[  0%] Built target actionlib_generate_messages_py
[35m[1mScanning dependencies of target topic_tools_generate_messages_nodejs[0m
[  0%] Built target mongodb_store_msgs_generate_messages_nodejs
[  0%] Built target mongodb_store_generate_messages_lisp
[35m[1mScanning dependencies of target mongodb_store_generate_messages_eus[0m
[  0%] Built target topic_tools_generate_messages_nodejs
[35m[1mScanning dependencies of target mongodb_store_generate_messages_nodejs[0m
[35m[1mScanning dependencies of target topic_tools_generate_messages_eus[0m
[  0%] Built target mongodb_store_generate_messages_eus
[35m[1mScanning dependencies of target roscpp_generate_messages_py[0m
[  0%] Built target mongodb_store_generate_messages_nodejs
[  0%] Built target topic_tools_generate_messages_eus
[35m[1mScanning dependencies of target mongodb_store_msgs_generate_messages_py[0m
[  0%] Built target roscpp_generate_messages_py
[35m[1mScanning dependencies of target mongodb_store_msgs_generate_messages_eus[0m
[  0%] Built target mongodb_store_msgs_generate_messages_py
[35m[1mScanning dependencies of target actionlib_msgs_generate_messages_nodejs[0m
[  0%] Built target mongodb_store_msgs_generate_messages_eus
[35m[1mScanning dependencies of target topic_tools_generate_messages_py[0m
[35m[1mScanning dependencies of target mongodb_store_generate_messages_cpp[0m
[35m[1mScanning dependencies of target std_msgs_generate_messages_eus[0m
[  0%] Built target actionlib_msgs_generate_messages_nodejs
[  0%] Built target topic_tools_generate_messages_py
[  0%] Built target mongodb_store_generate_messages_cpp
[  0%] Built target std_msgs_generate_messages_eus
[35m[1mScanning dependencies of target geometry_msgs_generate_messages_py[0m
[35m[1mScanning dependencies of target mongodb_store_msgs_generate_messages_lisp[0m
[35m[1mScanning dependencies of target geometry_msgs_generate_messages_lisp[0m
[35m[1mScanning dependencies of target diagnostic_msgs_generate_messages_py[0m
[  0%] Built target geometry_msgs_generate_messages_py
[  0%] Built target geometry_msgs_generate_messages_lisp
[  0%] Built target mongodb_store_msgs_generate_messages_lisp
[  0%] Built target diagnostic_msgs_generate_messages_py
[35m[1mScanning dependencies of target rosplan_knowledge_msgs_generate_messages_cpp[0m
[35m[1mScanning dependencies of target mongodb_store_msgs_generate_messages_cpp[0m
[35m[1mScanning dependencies of target diagnostic_msgs_generate_messages_lisp[0m
[  0%] Built target rosplan_knowledge_msgs_generate_messages_cpp
[  0%] Built target diagnostic_msgs_generate_messages_lisp
[  0%] Built target mongodb_store_msgs_generate_messages_cpp
[35m[1mScanning dependencies of target rpmovebase[0m
[ 50%] [32mBuilding CXX object CMakeFiles/rpmovebase.dir/src/RPMoveBase.cpp.o[0m
[100%] [32m[1mLinking CXX executable /home/jylee/jylee/ROSPlan/devel/.private/rosplan_interface_movebase/lib/rosplan_interface_movebase/rpmovebase[0m
[100%] Built target rpmovebase
